{"/Users/mk/Desktop/Udemy/React/react-applications/burger-maker/src/App.js": {"path":"/Users/mk/Desktop/Udemy/React/react-applications/burger-maker/src/App.js","statementMap":{"0":{"start":{"line":17,"column":18},"end":{"line":19,"column":2}},"1":{"start":{"line":18,"column":2},"end":{"line":18,"column":60}},"2":{"start":{"line":21,"column":22},"end":{"line":23,"column":2}},"3":{"start":{"line":22,"column":2},"end":{"line":22,"column":68}},"4":{"start":{"line":25,"column":20},"end":{"line":27,"column":2}},"5":{"start":{"line":26,"column":2},"end":{"line":26,"column":64}},"6":{"start":{"line":30,"column":10},"end":{"line":32,"column":3}},"7":{"start":{"line":35,"column":4},"end":{"line":35,"column":30}},"8":{"start":{"line":39,"column":17},"end":{"line":39,"column":21}},"9":{"start":{"line":41,"column":4},"end":{"line":63,"column":5}},"10":{"start":{"line":42,"column":6},"end":{"line":53,"column":7}},"11":{"start":{"line":55,"column":6},"end":{"line":62,"column":25}},"12":{"start":{"line":65,"column":4},"end":{"line":74,"column":6}},"13":{"start":{"line":79,"column":24},"end":{"line":83,"column":1}},"14":{"start":{"line":80,"column":2},"end":{"line":82,"column":3}},"15":{"start":{"line":85,"column":27},"end":{"line":89,"column":1}},"16":{"start":{"line":86,"column":2},"end":{"line":88,"column":3}},"17":{"start":{"line":87,"column":24},"end":{"line":87,"column":62}}},"fnMap":{"0":{"name":"(anonymous_0)","decl":{"start":{"line":17,"column":33},"end":{"line":17,"column":34}},"loc":{"start":{"line":17,"column":39},"end":{"line":19,"column":1}},"line":17},"1":{"name":"(anonymous_1)","decl":{"start":{"line":21,"column":37},"end":{"line":21,"column":38}},"loc":{"start":{"line":21,"column":43},"end":{"line":23,"column":1}},"line":21},"2":{"name":"(anonymous_2)","decl":{"start":{"line":25,"column":35},"end":{"line":25,"column":36}},"loc":{"start":{"line":25,"column":41},"end":{"line":27,"column":1}},"line":25},"3":{"name":"(anonymous_3)","decl":{"start":{"line":34,"column":2},"end":{"line":34,"column":3}},"loc":{"start":{"line":34,"column":22},"end":{"line":36,"column":3}},"line":34},"4":{"name":"(anonymous_4)","decl":{"start":{"line":38,"column":2},"end":{"line":38,"column":3}},"loc":{"start":{"line":38,"column":11},"end":{"line":75,"column":3}},"line":38},"5":{"name":"(anonymous_5)","decl":{"start":{"line":79,"column":24},"end":{"line":79,"column":25}},"loc":{"start":{"line":79,"column":35},"end":{"line":83,"column":1}},"line":79},"6":{"name":"(anonymous_6)","decl":{"start":{"line":85,"column":27},"end":{"line":85,"column":28}},"loc":{"start":{"line":85,"column":41},"end":{"line":89,"column":1}},"line":85},"7":{"name":"(anonymous_7)","decl":{"start":{"line":87,"column":18},"end":{"line":87,"column":19}},"loc":{"start":{"line":87,"column":24},"end":{"line":87,"column":62}},"line":87}},"branchMap":{"0":{"loc":{"start":{"line":41,"column":4},"end":{"line":63,"column":5}},"type":"if","locations":[{"start":{"line":41,"column":4},"end":{"line":63,"column":5}},{"start":{"line":41,"column":4},"end":{"line":63,"column":5}}],"line":41}},"s":{"0":0,"1":0,"2":0,"3":0,"4":0,"5":0,"6":0,"7":0,"8":0,"9":0,"10":0,"11":0,"12":0,"13":0,"14":0,"15":0,"16":0,"17":0},"f":{"0":0,"1":0,"2":0,"3":0,"4":0,"5":0,"6":0,"7":0},"b":{"0":[0,0]},"hash":"dd5c31c2dcb91e104b682b4ec3604a1f82ce1dec"}
,"/Users/mk/Desktop/Udemy/React/react-applications/burger-maker/src/App.test-ignore.js": {"path":"/Users/mk/Desktop/Udemy/React/react-applications/burger-maker/src/App.test-ignore.js","statementMap":{"0":{"start":{"line":5,"column":0},"end":{"line":9,"column":3}},"1":{"start":{"line":6,"column":24},"end":{"line":6,"column":39}},"2":{"start":{"line":7,"column":22},"end":{"line":7,"column":41}},"3":{"start":{"line":8,"column":2},"end":{"line":8,"column":42}}},"fnMap":{"0":{"name":"(anonymous_0)","decl":{"start":{"line":5,"column":27},"end":{"line":5,"column":28}},"loc":{"start":{"line":5,"column":33},"end":{"line":9,"column":1}},"line":5}},"branchMap":{},"s":{"0":0,"1":0,"2":0,"3":0},"f":{"0":0},"b":{},"hash":"876622f0716699eadc6de9e9d339f52498031186"}
,"/Users/mk/Desktop/Udemy/React/react-applications/burger-maker/src/index.js": {"path":"/Users/mk/Desktop/Udemy/React/react-applications/burger-maker/src/index.js","statementMap":{"0":{"start":{"line":17,"column":20},"end":{"line":21,"column":2}},"1":{"start":{"line":23,"column":25},"end":{"line":23,"column":79}},"2":{"start":{"line":24,"column":14},"end":{"line":24,"column":80}},"3":{"start":{"line":27,"column":2},"end":{"line":31,"column":13}},"4":{"start":{"line":34,"column":0},"end":{"line":34,"column":54}},"5":{"start":{"line":39,"column":0},"end":{"line":39,"column":27}}},"fnMap":{},"branchMap":{"0":{"loc":{"start":{"line":23,"column":25},"end":{"line":23,"column":79}},"type":"binary-expr","locations":[{"start":{"line":23,"column":25},"end":{"line":23,"column":68}},{"start":{"line":23,"column":72},"end":{"line":23,"column":79}}],"line":23}},"s":{"0":0,"1":0,"2":0,"3":0,"4":0,"5":0},"f":{},"b":{"0":[0,0]},"hash":"e4534681ce41d957931f46686e190e5a82def5fe"}
,"/Users/mk/Desktop/Udemy/React/react-applications/burger-maker/src/features/Components/Navigation/Nav/NavComponent.js": {"path":"/Users/mk/Desktop/Udemy/React/react-applications/burger-maker/src/features/Components/Navigation/Nav/NavComponent.js","statementMap":{"0":{"start":{"line":7,"column":21},"end":{"line":17,"column":1}},"1":{"start":{"line":8,"column":2},"end":{"line":16,"column":4}}},"fnMap":{"0":{"name":"(anonymous_0)","decl":{"start":{"line":7,"column":21},"end":{"line":7,"column":22}},"loc":{"start":{"line":7,"column":32},"end":{"line":17,"column":1}},"line":7}},"branchMap":{"0":{"loc":{"start":{"line":11,"column":7},"end":{"line":11,"column":94}},"type":"cond-expr","locations":[{"start":{"line":11,"column":29},"end":{"line":11,"column":87}},{"start":{"line":11,"column":90},"end":{"line":11,"column":94}}],"line":11},"1":{"loc":{"start":{"line":12,"column":7},"end":{"line":14,"column":68}},"type":"cond-expr","locations":[{"start":{"line":13,"column":10},"end":{"line":13,"column":65}},{"start":{"line":14,"column":10},"end":{"line":14,"column":68}}],"line":12}},"s":{"0":1,"1":5},"f":{"0":5},"b":{"0":[2,3],"1":[3,2]},"_coverageSchema":"43e27e138ebf9cfc5966b082cf9a028302ed4184","hash":"fdde262009995c0911484dc3312c4994f1af45aa"}
,"/Users/mk/Desktop/Udemy/React/react-applications/burger-maker/src/features/Components/Navigation/Nav/NavItem/NavItemComponent.js": {"path":"/Users/mk/Desktop/Udemy/React/react-applications/burger-maker/src/features/Components/Navigation/Nav/NavItem/NavItemComponent.js","statementMap":{"0":{"start":{"line":6,"column":25},"end":{"line":14,"column":1}},"1":{"start":{"line":7,"column":2},"end":{"line":13,"column":4}}},"fnMap":{"0":{"name":"(anonymous_0)","decl":{"start":{"line":6,"column":25},"end":{"line":6,"column":26}},"loc":{"start":{"line":6,"column":36},"end":{"line":14,"column":1}},"line":6}},"branchMap":{},"s":{"0":1,"1":0},"f":{"0":0},"b":{},"_coverageSchema":"43e27e138ebf9cfc5966b082cf9a028302ed4184","hash":"cf9a87cb7b4dd9b94cf676ddf8e32efbac2db9b9"}
,"/Users/mk/Desktop/Udemy/React/react-applications/burger-maker/src/features/Components/Navigation/SideDrawer/SideDrawerComponent.js": {"path":"/Users/mk/Desktop/Udemy/React/react-applications/burger-maker/src/features/Components/Navigation/SideDrawer/SideDrawerComponent.js","statementMap":{"0":{"start":{"line":9,"column":28},"end":{"line":35,"column":1}},"1":{"start":{"line":10,"column":24},"end":{"line":10,"column":65}},"2":{"start":{"line":12,"column":2},"end":{"line":14,"column":3}},"3":{"start":{"line":13,"column":4},"end":{"line":13,"column":62}},"4":{"start":{"line":16,"column":2},"end":{"line":34,"column":4}}},"fnMap":{"0":{"name":"(anonymous_0)","decl":{"start":{"line":9,"column":28},"end":{"line":9,"column":29}},"loc":{"start":{"line":9,"column":39},"end":{"line":35,"column":1}},"line":9}},"branchMap":{"0":{"loc":{"start":{"line":12,"column":2},"end":{"line":14,"column":3}},"type":"if","locations":[{"start":{"line":12,"column":2},"end":{"line":14,"column":3}},{"start":{"line":12,"column":2},"end":{"line":14,"column":3}}],"line":12},"1":{"loc":{"start":{"line":26,"column":11},"end":{"line":26,"column":98}},"type":"cond-expr","locations":[{"start":{"line":26,"column":33},"end":{"line":26,"column":91}},{"start":{"line":26,"column":94},"end":{"line":26,"column":98}}],"line":26},"2":{"loc":{"start":{"line":28,"column":11},"end":{"line":30,"column":72}},"type":"cond-expr","locations":[{"start":{"line":29,"column":14},"end":{"line":29,"column":69}},{"start":{"line":30,"column":14},"end":{"line":30,"column":72}}],"line":28}},"s":{"0":0,"1":0,"2":0,"3":0,"4":0},"f":{"0":0},"b":{"0":[0,0],"1":[0,0],"2":[0,0]},"hash":"7325a66da1eb69c840fd8e02a09af1de5d15b92e"}
,"/Users/mk/Desktop/Udemy/React/react-applications/burger-maker/src/features/Components/Navigation/Toolbar/ToolBarComponent.js": {"path":"/Users/mk/Desktop/Udemy/React/react-applications/burger-maker/src/features/Components/Navigation/Toolbar/ToolBarComponent.js","statementMap":{"0":{"start":{"line":9,"column":25},"end":{"line":22,"column":1}},"1":{"start":{"line":10,"column":2},"end":{"line":21,"column":4}}},"fnMap":{"0":{"name":"(anonymous_0)","decl":{"start":{"line":9,"column":25},"end":{"line":9,"column":26}},"loc":{"start":{"line":9,"column":36},"end":{"line":22,"column":1}},"line":9}},"branchMap":{},"s":{"0":0,"1":0},"f":{"0":0},"b":{},"hash":"8619a23981226cd092e9e2db45962f91255b8ecd"}
,"/Users/mk/Desktop/Udemy/React/react-applications/burger-maker/src/features/Components/Orders/Order.js": {"path":"/Users/mk/Desktop/Udemy/React/react-applications/burger-maker/src/features/Components/Orders/Order.js","statementMap":{"0":{"start":{"line":7,"column":14},"end":{"line":64,"column":1}},"1":{"start":{"line":9,"column":25},"end":{"line":9,"column":27}},"2":{"start":{"line":10,"column":20},"end":{"line":10,"column":22}},"3":{"start":{"line":12,"column":2},"end":{"line":19,"column":3}},"4":{"start":{"line":13,"column":4},"end":{"line":18,"column":6}},"5":{"start":{"line":21,"column":2},"end":{"line":23,"column":3}},"6":{"start":{"line":22,"column":4},"end":{"line":22,"column":65}},"7":{"start":{"line":25,"column":22},"end":{"line":33,"column":4}},"8":{"start":{"line":26,"column":4},"end":{"line":32,"column":6}},"9":{"start":{"line":34,"column":22},"end":{"line":42,"column":4}},"10":{"start":{"line":35,"column":4},"end":{"line":41,"column":6}},"11":{"start":{"line":44,"column":2},"end":{"line":63,"column":4}}},"fnMap":{"0":{"name":"(anonymous_0)","decl":{"start":{"line":7,"column":14},"end":{"line":7,"column":15}},"loc":{"start":{"line":7,"column":25},"end":{"line":64,"column":1}},"line":7},"1":{"name":"(anonymous_1)","decl":{"start":{"line":25,"column":41},"end":{"line":25,"column":42}},"loc":{"start":{"line":25,"column":55},"end":{"line":33,"column":3}},"line":25},"2":{"name":"(anonymous_2)","decl":{"start":{"line":34,"column":36},"end":{"line":34,"column":37}},"loc":{"start":{"line":34,"column":48},"end":{"line":42,"column":3}},"line":34}},"branchMap":{"0":{"loc":{"start":{"line":39,"column":25},"end":{"line":39,"column":46}},"type":"binary-expr","locations":[{"start":{"line":39,"column":25},"end":{"line":39,"column":37}},{"start":{"line":39,"column":41},"end":{"line":39,"column":46}}],"line":39}},"s":{"0":0,"1":0,"2":0,"3":0,"4":0,"5":0,"6":0,"7":0,"8":0,"9":0,"10":0,"11":0},"f":{"0":0,"1":0,"2":0},"b":{"0":[0,0]},"hash":"e43c5192e9c4a17f8abbc26ffceca3ad9c806115"}
,"/Users/mk/Desktop/Udemy/React/react-applications/burger-maker/src/features/Components/Orders/CheckOutSummary/CheckOutSummary.js": {"path":"/Users/mk/Desktop/Udemy/React/react-applications/burger-maker/src/features/Components/Orders/CheckOutSummary/CheckOutSummary.js","statementMap":{"0":{"start":{"line":8,"column":24},"end":{"line":25,"column":1}},"1":{"start":{"line":11,"column":2},"end":{"line":24,"column":4}}},"fnMap":{"0":{"name":"(anonymous_0)","decl":{"start":{"line":8,"column":24},"end":{"line":8,"column":25}},"loc":{"start":{"line":8,"column":35},"end":{"line":25,"column":1}},"line":8}},"branchMap":{},"s":{"0":0,"1":0},"f":{"0":0},"b":{},"hash":"1a4f050feae8e070da3102cf81f00de2ea9f1e35"}
,"/Users/mk/Desktop/Udemy/React/react-applications/burger-maker/src/features/Components/UIElments/Buttons/Buttons.js": {"path":"/Users/mk/Desktop/Udemy/React/react-applications/burger-maker/src/features/Components/UIElments/Buttons/Buttons.js","statementMap":{"0":{"start":{"line":5,"column":25},"end":{"line":15,"column":1}},"1":{"start":{"line":6,"column":2},"end":{"line":14,"column":4}}},"fnMap":{"0":{"name":"(anonymous_0)","decl":{"start":{"line":5,"column":25},"end":{"line":5,"column":26}},"loc":{"start":{"line":5,"column":36},"end":{"line":15,"column":1}},"line":5}},"branchMap":{},"s":{"0":1,"1":0},"f":{"0":0},"b":{},"_coverageSchema":"43e27e138ebf9cfc5966b082cf9a028302ed4184","hash":"7ba2241d2ce1d26fb0b8980caa38099f75f070fd"}
,"/Users/mk/Desktop/Udemy/React/react-applications/burger-maker/src/features/Components/UIElments/Input/Input.js": {"path":"/Users/mk/Desktop/Udemy/React/react-applications/burger-maker/src/features/Components/UIElments/Input/Input.js","statementMap":{"0":{"start":{"line":4,"column":23},"end":{"line":45,"column":1}},"1":{"start":{"line":5,"column":18},"end":{"line":5,"column":22}},"2":{"start":{"line":6,"column":18},"end":{"line":6,"column":22}},"3":{"start":{"line":9,"column":23},"end":{"line":9,"column":44}},"4":{"start":{"line":10,"column":2},"end":{"line":13,"column":3}},"5":{"start":{"line":11,"column":4},"end":{"line":11,"column":41}},"6":{"start":{"line":12,"column":4},"end":{"line":12,"column":86}},"7":{"start":{"line":15,"column":2},"end":{"line":36,"column":3}},"8":{"start":{"line":18,"column":6},"end":{"line":18,"column":140}},"9":{"start":{"line":19,"column":6},"end":{"line":19,"column":12}},"10":{"start":{"line":21,"column":6},"end":{"line":21,"column":143}},"11":{"start":{"line":22,"column":6},"end":{"line":22,"column":12}},"12":{"start":{"line":24,"column":6},"end":{"line":32,"column":10}},"13":{"start":{"line":27,"column":12},"end":{"line":29,"column":14}},"14":{"start":{"line":33,"column":6},"end":{"line":33,"column":12}},"15":{"start":{"line":35,"column":6},"end":{"line":35,"column":139}},"16":{"start":{"line":38,"column":2},"end":{"line":44,"column":4}}},"fnMap":{"0":{"name":"(anonymous_0)","decl":{"start":{"line":4,"column":23},"end":{"line":4,"column":24}},"loc":{"start":{"line":4,"column":34},"end":{"line":45,"column":1}},"line":4},"1":{"name":"(anonymous_1)","decl":{"start":{"line":26,"column":40},"end":{"line":26,"column":41}},"loc":{"start":{"line":26,"column":49},"end":{"line":30,"column":11}},"line":26}},"branchMap":{"0":{"loc":{"start":{"line":10,"column":2},"end":{"line":13,"column":3}},"type":"if","locations":[{"start":{"line":10,"column":2},"end":{"line":13,"column":3}},{"start":{"line":10,"column":2},"end":{"line":13,"column":3}}],"line":10},"1":{"loc":{"start":{"line":10,"column":6},"end":{"line":10,"column":60}},"type":"binary-expr","locations":[{"start":{"line":10,"column":6},"end":{"line":10,"column":19}},{"start":{"line":10,"column":23},"end":{"line":10,"column":43}},{"start":{"line":10,"column":47},"end":{"line":10,"column":60}}],"line":10},"2":{"loc":{"start":{"line":15,"column":2},"end":{"line":36,"column":3}},"type":"switch","locations":[{"start":{"line":16,"column":4},"end":{"line":16,"column":19}},{"start":{"line":17,"column":4},"end":{"line":19,"column":12}},{"start":{"line":20,"column":4},"end":{"line":22,"column":12}},{"start":{"line":23,"column":4},"end":{"line":33,"column":12}},{"start":{"line":34,"column":4},"end":{"line":35,"column":139}}],"line":15}},"s":{"0":0,"1":0,"2":0,"3":0,"4":0,"5":0,"6":0,"7":0,"8":0,"9":0,"10":0,"11":0,"12":0,"13":0,"14":0,"15":0,"16":0},"f":{"0":0,"1":0},"b":{"0":[0,0],"1":[0,0,0],"2":[0,0,0,0,0]},"hash":"12353bbc09d72013b38c37fa585cc6cfaf56b2e5"}
,"/Users/mk/Desktop/Udemy/React/react-applications/burger-maker/src/features/Components/UIElments/Model/ModelComponent.js": {"path":"/Users/mk/Desktop/Udemy/React/react-applications/burger-maker/src/features/Components/UIElments/Model/ModelComponent.js","statementMap":{"0":{"start":{"line":8,"column":4},"end":{"line":8,"column":106}},"1":{"start":{"line":16,"column":4},"end":{"line":27,"column":6}}},"fnMap":{"0":{"name":"(anonymous_0)","decl":{"start":{"line":7,"column":2},"end":{"line":7,"column":3}},"loc":{"start":{"line":7,"column":46},"end":{"line":9,"column":3}},"line":7},"1":{"name":"(anonymous_1)","decl":{"start":{"line":11,"column":2},"end":{"line":11,"column":3}},"loc":{"start":{"line":11,"column":23},"end":{"line":13,"column":3}},"line":11},"2":{"name":"(anonymous_2)","decl":{"start":{"line":15,"column":2},"end":{"line":15,"column":3}},"loc":{"start":{"line":15,"column":11},"end":{"line":28,"column":3}},"line":15}},"branchMap":{"0":{"loc":{"start":{"line":8,"column":11},"end":{"line":8,"column":105}},"type":"binary-expr","locations":[{"start":{"line":8,"column":12},"end":{"line":8,"column":56}},{"start":{"line":8,"column":62},"end":{"line":8,"column":104}}],"line":8},"1":{"loc":{"start":{"line":20,"column":27},"end":{"line":20,"column":88}},"type":"cond-expr","locations":[{"start":{"line":20,"column":50},"end":{"line":20,"column":65}},{"start":{"line":20,"column":68},"end":{"line":20,"column":88}}],"line":20},"2":{"loc":{"start":{"line":21,"column":25},"end":{"line":21,"column":57}},"type":"cond-expr","locations":[{"start":{"line":21,"column":48},"end":{"line":21,"column":51}},{"start":{"line":21,"column":54},"end":{"line":21,"column":57}}],"line":21}},"s":{"0":0,"1":0},"f":{"0":0,"1":0,"2":0},"b":{"0":[0,0],"1":[0,0],"2":[0,0]},"_coverageSchema":"43e27e138ebf9cfc5966b082cf9a028302ed4184","hash":"c5e595c0f7b870fea689353eb9de3e3843f0192b"}
,"/Users/mk/Desktop/Udemy/React/react-applications/burger-maker/src/features/Containers/Auth/AuthComponent.js": {"path":"/Users/mk/Desktop/Udemy/React/react-applications/burger-maker/src/features/Containers/Auth/AuthComponent.js","statementMap":{"0":{"start":{"line":16,"column":10},"end":{"line":48,"column":3}},"1":{"start":{"line":51,"column":4},"end":{"line":53,"column":5}},"2":{"start":{"line":52,"column":6},"end":{"line":52,"column":41}},"3":{"start":{"line":56,"column":19},"end":{"line":60,"column":3}},"4":{"start":{"line":57,"column":4},"end":{"line":59,"column":6}},"5":{"start":{"line":58,"column":6},"end":{"line":58,"column":44}},"6":{"start":{"line":62,"column":18},"end":{"line":66,"column":3}},"7":{"start":{"line":63,"column":4},"end":{"line":63,"column":23}},"8":{"start":{"line":65,"column":4},"end":{"line":65,"column":112}},"9":{"start":{"line":68,"column":24},"end":{"line":81,"column":3}},"10":{"start":{"line":69,"column":20},"end":{"line":69,"column":32}},"11":{"start":{"line":70,"column":28},"end":{"line":78,"column":5}},"12":{"start":{"line":80,"column":4},"end":{"line":80,"column":47}},"13":{"start":{"line":83,"column":27},"end":{"line":101,"column":3}},"14":{"start":{"line":84,"column":20},"end":{"line":84,"column":32}},"15":{"start":{"line":85,"column":29},"end":{"line":85,"column":53}},"16":{"start":{"line":86,"column":29},"end":{"line":86,"column":67}},"17":{"start":{"line":87,"column":4},"end":{"line":87,"column":35}},"18":{"start":{"line":88,"column":4},"end":{"line":88,"column":36}},"19":{"start":{"line":89,"column":4},"end":{"line":89,"column":96}},"20":{"start":{"line":91,"column":4},"end":{"line":91,"column":57}},"21":{"start":{"line":93,"column":23},"end":{"line":93,"column":27}},"22":{"start":{"line":94,"column":4},"end":{"line":96,"column":5}},"23":{"start":{"line":95,"column":6},"end":{"line":95,"column":69}},"24":{"start":{"line":98,"column":4},"end":{"line":100,"column":6}},"25":{"start":{"line":104,"column":24},"end":{"line":104,"column":26}},"26":{"start":{"line":105,"column":4},"end":{"line":110,"column":5}},"27":{"start":{"line":106,"column":6},"end":{"line":109,"column":9}},"28":{"start":{"line":112,"column":23},"end":{"line":112,"column":27}},"29":{"start":{"line":113,"column":4},"end":{"line":115,"column":5}},"30":{"start":{"line":114,"column":6},"end":{"line":114,"column":66}},"31":{"start":{"line":117,"column":15},"end":{"line":131,"column":6}},"32":{"start":{"line":118,"column":6},"end":{"line":130,"column":8}},"33":{"start":{"line":128,"column":35},"end":{"line":128,"column":78}},"34":{"start":{"line":133,"column":4},"end":{"line":135,"column":5}},"35":{"start":{"line":134,"column":6},"end":{"line":134,"column":36}},"36":{"start":{"line":137,"column":23},"end":{"line":137,"column":27}},"37":{"start":{"line":138,"column":4},"end":{"line":142,"column":5}},"38":{"start":{"line":139,"column":6},"end":{"line":141,"column":8}},"39":{"start":{"line":144,"column":4},"end":{"line":158,"column":6}},"40":{"start":{"line":162,"column":24},"end":{"line":170,"column":1}},"41":{"start":{"line":163,"column":2},"end":{"line":169,"column":3}},"42":{"start":{"line":172,"column":27},"end":{"line":177,"column":1}},"43":{"start":{"line":173,"column":2},"end":{"line":176,"column":3}},"44":{"start":{"line":174,"column":43},"end":{"line":174,"column":96}},"45":{"start":{"line":175,"column":33},"end":{"line":175,"column":79}}},"fnMap":{"0":{"name":"(anonymous_0)","decl":{"start":{"line":50,"column":2},"end":{"line":50,"column":3}},"loc":{"start":{"line":50,"column":22},"end":{"line":54,"column":3}},"line":50},"1":{"name":"(anonymous_1)","decl":{"start":{"line":56,"column":19},"end":{"line":56,"column":20}},"loc":{"start":{"line":56,"column":25},"end":{"line":60,"column":3}},"line":56},"2":{"name":"(anonymous_2)","decl":{"start":{"line":57,"column":18},"end":{"line":57,"column":19}},"loc":{"start":{"line":57,"column":31},"end":{"line":59,"column":5}},"line":57},"3":{"name":"(anonymous_3)","decl":{"start":{"line":62,"column":18},"end":{"line":62,"column":19}},"loc":{"start":{"line":62,"column":25},"end":{"line":66,"column":3}},"line":62},"4":{"name":"(anonymous_4)","decl":{"start":{"line":68,"column":24},"end":{"line":68,"column":25}},"loc":{"start":{"line":68,"column":42},"end":{"line":81,"column":3}},"line":68},"5":{"name":"(anonymous_5)","decl":{"start":{"line":83,"column":27},"end":{"line":83,"column":28}},"loc":{"start":{"line":83,"column":55},"end":{"line":101,"column":3}},"line":83},"6":{"name":"(anonymous_6)","decl":{"start":{"line":103,"column":2},"end":{"line":103,"column":3}},"loc":{"start":{"line":103,"column":12},"end":{"line":159,"column":3}},"line":103},"7":{"name":"(anonymous_7)","decl":{"start":{"line":117,"column":31},"end":{"line":117,"column":32}},"loc":{"start":{"line":117,"column":45},"end":{"line":131,"column":5}},"line":117},"8":{"name":"(anonymous_8)","decl":{"start":{"line":128,"column":27},"end":{"line":128,"column":28}},"loc":{"start":{"line":128,"column":34},"end":{"line":128,"column":79}},"line":128},"9":{"name":"(anonymous_9)","decl":{"start":{"line":162,"column":24},"end":{"line":162,"column":25}},"loc":{"start":{"line":162,"column":35},"end":{"line":170,"column":1}},"line":162},"10":{"name":"(anonymous_10)","decl":{"start":{"line":172,"column":27},"end":{"line":172,"column":28}},"loc":{"start":{"line":172,"column":39},"end":{"line":177,"column":1}},"line":172},"11":{"name":"(anonymous_11)","decl":{"start":{"line":174,"column":12},"end":{"line":174,"column":13}},"loc":{"start":{"line":174,"column":43},"end":{"line":174,"column":96}},"line":174},"12":{"name":"(anonymous_12)","decl":{"start":{"line":175,"column":27},"end":{"line":175,"column":28}},"loc":{"start":{"line":175,"column":33},"end":{"line":175,"column":79}},"line":175}},"branchMap":{"0":{"loc":{"start":{"line":51,"column":4},"end":{"line":53,"column":5}},"type":"if","locations":[{"start":{"line":51,"column":4},"end":{"line":53,"column":5}},{"start":{"line":51,"column":4},"end":{"line":53,"column":5}}],"line":51},"1":{"loc":{"start":{"line":51,"column":8},"end":{"line":51,"column":75}},"type":"binary-expr","locations":[{"start":{"line":51,"column":8},"end":{"line":51,"column":36}},{"start":{"line":51,"column":40},"end":{"line":51,"column":75}}],"line":51},"2":{"loc":{"start":{"line":95,"column":22},"end":{"line":95,"column":67}},"type":"binary-expr","locations":[{"start":{"line":95,"column":22},"end":{"line":95,"column":51}},{"start":{"line":95,"column":55},"end":{"line":95,"column":67}}],"line":95},"3":{"loc":{"start":{"line":113,"column":4},"end":{"line":115,"column":5}},"type":"if","locations":[{"start":{"line":113,"column":4},"end":{"line":115,"column":5}},{"start":{"line":113,"column":4},"end":{"line":115,"column":5}}],"line":113},"4":{"loc":{"start":{"line":133,"column":4},"end":{"line":135,"column":5}},"type":"if","locations":[{"start":{"line":133,"column":4},"end":{"line":135,"column":5}},{"start":{"line":133,"column":4},"end":{"line":135,"column":5}}],"line":133},"5":{"loc":{"start":{"line":138,"column":4},"end":{"line":142,"column":5}},"type":"if","locations":[{"start":{"line":138,"column":4},"end":{"line":142,"column":5}},{"start":{"line":138,"column":4},"end":{"line":142,"column":5}}],"line":138},"6":{"loc":{"start":{"line":151,"column":50},"end":{"line":151,"column":92}},"type":"cond-expr","locations":[{"start":{"line":151,"column":72},"end":{"line":151,"column":82}},{"start":{"line":151,"column":85},"end":{"line":151,"column":92}}],"line":151},"7":{"loc":{"start":{"line":155,"column":23},"end":{"line":155,"column":66}},"type":"cond-expr","locations":[{"start":{"line":155,"column":45},"end":{"line":155,"column":54}},{"start":{"line":155,"column":57},"end":{"line":155,"column":66}}],"line":155}},"s":{"0":0,"1":0,"2":0,"3":0,"4":0,"5":0,"6":0,"7":0,"8":0,"9":0,"10":0,"11":0,"12":0,"13":0,"14":0,"15":0,"16":0,"17":0,"18":0,"19":0,"20":0,"21":0,"22":0,"23":0,"24":0,"25":0,"26":0,"27":0,"28":0,"29":0,"30":0,"31":0,"32":0,"33":0,"34":0,"35":0,"36":0,"37":0,"38":0,"39":0,"40":0,"41":0,"42":0,"43":0,"44":0,"45":0},"f":{"0":0,"1":0,"2":0,"3":0,"4":0,"5":0,"6":0,"7":0,"8":0,"9":0,"10":0,"11":0,"12":0},"b":{"0":[0,0],"1":[0,0],"2":[0,0],"3":[0,0],"4":[0,0],"5":[0,0],"6":[0,0],"7":[0,0]},"hash":"7552b4e8fab571560997cfb5a28546b5de75a565"}
,"/Users/mk/Desktop/Udemy/React/react-applications/burger-maker/src/features/Containers/Auth/LogoutComponent/LogoutComponent.js": {"path":"/Users/mk/Desktop/Udemy/React/react-applications/burger-maker/src/features/Containers/Auth/LogoutComponent/LogoutComponent.js","statementMap":{"0":{"start":{"line":10,"column":4},"end":{"line":10,"column":26}},"1":{"start":{"line":14,"column":4},"end":{"line":20,"column":6}},"2":{"start":{"line":24,"column":27},"end":{"line":28,"column":1}},"3":{"start":{"line":25,"column":2},"end":{"line":27,"column":3}},"4":{"start":{"line":26,"column":20},"end":{"line":26,"column":50}}},"fnMap":{"0":{"name":"(anonymous_0)","decl":{"start":{"line":9,"column":2},"end":{"line":9,"column":3}},"loc":{"start":{"line":9,"column":23},"end":{"line":11,"column":3}},"line":9},"1":{"name":"(anonymous_1)","decl":{"start":{"line":13,"column":2},"end":{"line":13,"column":3}},"loc":{"start":{"line":13,"column":12},"end":{"line":21,"column":3}},"line":13},"2":{"name":"(anonymous_2)","decl":{"start":{"line":24,"column":27},"end":{"line":24,"column":28}},"loc":{"start":{"line":24,"column":41},"end":{"line":28,"column":1}},"line":24},"3":{"name":"(anonymous_3)","decl":{"start":{"line":26,"column":14},"end":{"line":26,"column":15}},"loc":{"start":{"line":26,"column":20},"end":{"line":26,"column":50}},"line":26}},"branchMap":{},"s":{"0":0,"1":0,"2":0,"3":0,"4":0},"f":{"0":0,"1":0,"2":0,"3":0},"b":{},"hash":"42c479ad33c06b3bddd42eef8bafef0bb78a73f8"}
,"/Users/mk/Desktop/Udemy/React/react-applications/burger-maker/src/features/Containers/Burger/BurgerComponent.js": {"path":"/Users/mk/Desktop/Udemy/React/react-applications/burger-maker/src/features/Containers/Burger/BurgerComponent.js","statementMap":{"0":{"start":{"line":8,"column":24},"end":{"line":32,"column":1}},"1":{"start":{"line":11,"column":4},"end":{"line":19,"column":10}},"2":{"start":{"line":12,"column":6},"end":{"line":16,"column":9}},"3":{"start":{"line":13,"column":8},"end":{"line":15,"column":10}},"4":{"start":{"line":18,"column":6},"end":{"line":18,"column":34}},"5":{"start":{"line":21,"column":2},"end":{"line":23,"column":3}},"6":{"start":{"line":22,"column":4},"end":{"line":22,"column":56}},"7":{"start":{"line":25,"column":2},"end":{"line":31,"column":4}}},"fnMap":{"0":{"name":"(anonymous_0)","decl":{"start":{"line":8,"column":24},"end":{"line":8,"column":25}},"loc":{"start":{"line":8,"column":35},"end":{"line":32,"column":1}},"line":8},"1":{"name":"(anonymous_1)","decl":{"start":{"line":11,"column":39},"end":{"line":11,"column":40}},"loc":{"start":{"line":11,"column":51},"end":{"line":17,"column":5}},"line":11},"2":{"name":"(anonymous_2)","decl":{"start":{"line":12,"column":55},"end":{"line":12,"column":56}},"loc":{"start":{"line":12,"column":69},"end":{"line":16,"column":7}},"line":12},"3":{"name":"(anonymous_3)","decl":{"start":{"line":17,"column":14},"end":{"line":17,"column":15}},"loc":{"start":{"line":17,"column":33},"end":{"line":19,"column":5}},"line":17}},"branchMap":{"0":{"loc":{"start":{"line":21,"column":2},"end":{"line":23,"column":3}},"type":"if","locations":[{"start":{"line":21,"column":2},"end":{"line":23,"column":3}},{"start":{"line":21,"column":2},"end":{"line":23,"column":3}}],"line":21}},"s":{"0":1,"1":0,"2":0,"3":0,"4":0,"5":0,"6":0,"7":0},"f":{"0":0,"1":0,"2":0,"3":0},"b":{"0":[0,0]},"_coverageSchema":"43e27e138ebf9cfc5966b082cf9a028302ed4184","hash":"f5f9468730267e73c41f3e6550f4361ecb74c06b"}
,"/Users/mk/Desktop/Udemy/React/react-applications/burger-maker/src/features/Containers/Burger/BuildControls/BuildControlsComponent.js": {"path":"/Users/mk/Desktop/Udemy/React/react-applications/burger-maker/src/features/Containers/Burger/BuildControls/BuildControlsComponent.js","statementMap":{"0":{"start":{"line":5,"column":17},"end":{"line":10,"column":1}},"1":{"start":{"line":12,"column":31},"end":{"line":37,"column":1}},"2":{"start":{"line":13,"column":16},"end":{"line":13,"column":20}},"3":{"start":{"line":15,"column":2},"end":{"line":15,"column":68}},"4":{"start":{"line":17,"column":2},"end":{"line":36,"column":4}},"5":{"start":{"line":22,"column":8},"end":{"line":28,"column":32}},"6":{"start":{"line":25,"column":27},"end":{"line":25,"column":61}},"7":{"start":{"line":26,"column":25},"end":{"line":26,"column":57}}},"fnMap":{"0":{"name":"(anonymous_0)","decl":{"start":{"line":12,"column":31},"end":{"line":12,"column":32}},"loc":{"start":{"line":12,"column":42},"end":{"line":37,"column":1}},"line":12},"1":{"name":"(anonymous_1)","decl":{"start":{"line":21,"column":20},"end":{"line":21,"column":21}},"loc":{"start":{"line":21,"column":30},"end":{"line":29,"column":7}},"line":21},"2":{"name":"(anonymous_2)","decl":{"start":{"line":25,"column":21},"end":{"line":25,"column":22}},"loc":{"start":{"line":25,"column":27},"end":{"line":25,"column":61}},"line":25},"3":{"name":"(anonymous_3)","decl":{"start":{"line":26,"column":19},"end":{"line":26,"column":20}},"loc":{"start":{"line":26,"column":25},"end":{"line":26,"column":57}},"line":26}},"branchMap":{"0":{"loc":{"start":{"line":15,"column":12},"end":{"line":15,"column":68}},"type":"cond-expr","locations":[{"start":{"line":15,"column":36},"end":{"line":15,"column":47}},{"start":{"line":15,"column":50},"end":{"line":15,"column":68}}],"line":15}},"s":{"0":1,"1":1,"2":0,"3":0,"4":0,"5":0,"6":0,"7":0},"f":{"0":0,"1":0,"2":0,"3":0},"b":{"0":[0,0]},"_coverageSchema":"43e27e138ebf9cfc5966b082cf9a028302ed4184","hash":"71a1353daa2fe4aab62cecd4d79f0d84e6706fa4"}
,"/Users/mk/Desktop/Udemy/React/react-applications/burger-maker/src/features/Containers/Burger/OrderSummary/OrderSummaryComponent.js": {"path":"/Users/mk/Desktop/Udemy/React/react-applications/burger-maker/src/features/Containers/Burger/OrderSummary/OrderSummaryComponent.js","statementMap":{"0":{"start":{"line":12,"column":31},"end":{"line":19,"column":8}},"1":{"start":{"line":14,"column":8},"end":{"line":18,"column":10}},"2":{"start":{"line":21,"column":4},"end":{"line":35,"column":6}}},"fnMap":{"0":{"name":"(anonymous_0)","decl":{"start":{"line":7,"column":2},"end":{"line":7,"column":3}},"loc":{"start":{"line":7,"column":23},"end":{"line":9,"column":3}},"line":7},"1":{"name":"(anonymous_1)","decl":{"start":{"line":11,"column":2},"end":{"line":11,"column":3}},"loc":{"start":{"line":11,"column":12},"end":{"line":36,"column":3}},"line":11},"2":{"name":"(anonymous_2)","decl":{"start":{"line":13,"column":11},"end":{"line":13,"column":12}},"loc":{"start":{"line":13,"column":23},"end":{"line":19,"column":7}},"line":13}},"branchMap":{},"s":{"0":0,"1":0,"2":0},"f":{"0":0,"1":0,"2":0},"b":{},"_coverageSchema":"43e27e138ebf9cfc5966b082cf9a028302ed4184","hash":"45414f12f0c067bc7b7e4362f064c832a659bb27"}
,"/Users/mk/Desktop/Udemy/React/react-applications/burger-maker/src/features/Containers/BurgerBuilder/BurgerBuilder.js": {"path":"/Users/mk/Desktop/Udemy/React/react-applications/burger-maker/src/features/Containers/BurgerBuilder/BurgerBuilder.js","statementMap":{"0":{"start":{"line":18,"column":4},"end":{"line":18,"column":12}},"1":{"start":{"line":20,"column":4},"end":{"line":23,"column":6}},"2":{"start":{"line":25,"column":4},"end":{"line":25,"column":62}},"3":{"start":{"line":29,"column":4},"end":{"line":29,"column":36}},"4":{"start":{"line":32,"column":20},"end":{"line":40,"column":3}},"5":{"start":{"line":33,"column":16},"end":{"line":37,"column":9}},"6":{"start":{"line":34,"column":6},"end":{"line":34,"column":37}},"7":{"start":{"line":36,"column":6},"end":{"line":36,"column":28}},"8":{"start":{"line":39,"column":4},"end":{"line":39,"column":19}},"9":{"start":{"line":43,"column":4},"end":{"line":48,"column":5}},"10":{"start":{"line":44,"column":6},"end":{"line":44,"column":42}},"11":{"start":{"line":46,"column":6},"end":{"line":46,"column":48}},"12":{"start":{"line":47,"column":6},"end":{"line":47,"column":39}},"13":{"start":{"line":51,"column":29},"end":{"line":53,"column":3}},"14":{"start":{"line":52,"column":4},"end":{"line":52,"column":40}},"15":{"start":{"line":55,"column":28},"end":{"line":58,"column":3}},"16":{"start":{"line":56,"column":4},"end":{"line":56,"column":32}},"17":{"start":{"line":57,"column":4},"end":{"line":57,"column":41}},"18":{"start":{"line":62,"column":24},"end":{"line":64,"column":5}},"19":{"start":{"line":65,"column":4},"end":{"line":67,"column":5}},"20":{"start":{"line":66,"column":6},"end":{"line":66,"column":47}},"21":{"start":{"line":69,"column":23},"end":{"line":69,"column":27}},"22":{"start":{"line":70,"column":22},"end":{"line":71,"column":28}},"23":{"start":{"line":73,"column":4},"end":{"line":100,"column":5}},"24":{"start":{"line":74,"column":6},"end":{"line":87,"column":8}},"25":{"start":{"line":89,"column":6},"end":{"line":95,"column":8}},"26":{"start":{"line":97,"column":6},"end":{"line":99,"column":7}},"27":{"start":{"line":98,"column":8},"end":{"line":98,"column":46}},"28":{"start":{"line":102,"column":4},"end":{"line":110,"column":6}},"29":{"start":{"line":114,"column":24},"end":{"line":121,"column":1}},"30":{"start":{"line":115,"column":2},"end":{"line":120,"column":3}},"31":{"start":{"line":123,"column":27},"end":{"line":131,"column":1}},"32":{"start":{"line":124,"column":2},"end":{"line":130,"column":3}},"33":{"start":{"line":125,"column":34},"end":{"line":125,"column":76}},"34":{"start":{"line":126,"column":36},"end":{"line":126,"column":81}},"35":{"start":{"line":127,"column":30},"end":{"line":127,"column":70}},"36":{"start":{"line":128,"column":26},"end":{"line":128,"column":59}},"37":{"start":{"line":129,"column":33},"end":{"line":129,"column":80}}},"fnMap":{"0":{"name":"(anonymous_0)","decl":{"start":{"line":17,"column":2},"end":{"line":17,"column":3}},"loc":{"start":{"line":17,"column":16},"end":{"line":26,"column":3}},"line":17},"1":{"name":"(anonymous_1)","decl":{"start":{"line":28,"column":2},"end":{"line":28,"column":3}},"loc":{"start":{"line":28,"column":22},"end":{"line":30,"column":3}},"line":28},"2":{"name":"(anonymous_2)","decl":{"start":{"line":32,"column":20},"end":{"line":32,"column":21}},"loc":{"start":{"line":32,"column":37},"end":{"line":40,"column":3}},"line":32},"3":{"name":"(anonymous_3)","decl":{"start":{"line":33,"column":45},"end":{"line":33,"column":46}},"loc":{"start":{"line":33,"column":61},"end":{"line":35,"column":5}},"line":33},"4":{"name":"(anonymous_4)","decl":{"start":{"line":35,"column":14},"end":{"line":35,"column":15}},"loc":{"start":{"line":35,"column":33},"end":{"line":37,"column":5}},"line":35},"5":{"name":"(anonymous_5)","decl":{"start":{"line":42,"column":2},"end":{"line":42,"column":3}},"loc":{"start":{"line":42,"column":23},"end":{"line":49,"column":3}},"line":42},"6":{"name":"(anonymous_6)","decl":{"start":{"line":51,"column":29},"end":{"line":51,"column":30}},"loc":{"start":{"line":51,"column":35},"end":{"line":53,"column":3}},"line":51},"7":{"name":"(anonymous_7)","decl":{"start":{"line":55,"column":28},"end":{"line":55,"column":29}},"loc":{"start":{"line":55,"column":34},"end":{"line":58,"column":3}},"line":55},"8":{"name":"(anonymous_8)","decl":{"start":{"line":60,"column":2},"end":{"line":60,"column":3}},"loc":{"start":{"line":60,"column":11},"end":{"line":111,"column":3}},"line":60},"9":{"name":"(anonymous_9)","decl":{"start":{"line":114,"column":24},"end":{"line":114,"column":25}},"loc":{"start":{"line":114,"column":35},"end":{"line":121,"column":1}},"line":114},"10":{"name":"(anonymous_10)","decl":{"start":{"line":123,"column":27},"end":{"line":123,"column":28}},"loc":{"start":{"line":123,"column":41},"end":{"line":131,"column":1}},"line":123},"11":{"name":"(anonymous_11)","decl":{"start":{"line":125,"column":23},"end":{"line":125,"column":24}},"loc":{"start":{"line":125,"column":34},"end":{"line":125,"column":76}},"line":125},"12":{"name":"(anonymous_12)","decl":{"start":{"line":126,"column":25},"end":{"line":126,"column":26}},"loc":{"start":{"line":126,"column":36},"end":{"line":126,"column":81}},"line":126},"13":{"name":"(anonymous_13)","decl":{"start":{"line":127,"column":24},"end":{"line":127,"column":25}},"loc":{"start":{"line":127,"column":30},"end":{"line":127,"column":70}},"line":127},"14":{"name":"(anonymous_14)","decl":{"start":{"line":128,"column":20},"end":{"line":128,"column":21}},"loc":{"start":{"line":128,"column":26},"end":{"line":128,"column":59}},"line":128},"15":{"name":"(anonymous_15)","decl":{"start":{"line":129,"column":23},"end":{"line":129,"column":24}},"loc":{"start":{"line":129,"column":33},"end":{"line":129,"column":80}},"line":129}},"branchMap":{"0":{"loc":{"start":{"line":43,"column":4},"end":{"line":48,"column":5}},"type":"if","locations":[{"start":{"line":43,"column":4},"end":{"line":48,"column":5}},{"start":{"line":43,"column":4},"end":{"line":48,"column":5}}],"line":43},"1":{"loc":{"start":{"line":70,"column":22},"end":{"line":71,"column":28}},"type":"cond-expr","locations":[{"start":{"line":70,"column":44},"end":{"line":70,"column":115}},{"start":{"line":71,"column":7},"end":{"line":71,"column":27}}],"line":70},"2":{"loc":{"start":{"line":73,"column":4},"end":{"line":100,"column":5}},"type":"if","locations":[{"start":{"line":73,"column":4},"end":{"line":100,"column":5}},{"start":{"line":73,"column":4},"end":{"line":100,"column":5}}],"line":73},"3":{"loc":{"start":{"line":97,"column":6},"end":{"line":99,"column":7}},"type":"if","locations":[{"start":{"line":97,"column":6},"end":{"line":99,"column":7}},{"start":{"line":97,"column":6},"end":{"line":99,"column":7}}],"line":97}},"s":{"0":1,"1":1,"2":1,"3":1,"4":1,"5":1,"6":2,"7":2,"8":1,"9":0,"10":0,"11":0,"12":0,"13":1,"14":0,"15":1,"16":0,"17":0,"18":2,"19":2,"20":2,"21":2,"22":2,"23":2,"24":1,"25":1,"26":1,"27":0,"28":2,"29":1,"30":0,"31":1,"32":0,"33":0,"34":0,"35":0,"36":0,"37":0},"f":{"0":1,"1":1,"2":1,"3":2,"4":2,"5":0,"6":0,"7":0,"8":2,"9":0,"10":0,"11":0,"12":0,"13":0,"14":0,"15":0},"b":{"0":[0,0],"1":[0,2],"2":[1,1],"3":[0,1]},"_coverageSchema":"43e27e138ebf9cfc5966b082cf9a028302ed4184","hash":"bd2d8bb609d9f908dfb8a39dc2c5f283f34b6b63"}
,"/Users/mk/Desktop/Udemy/React/react-applications/burger-maker/src/features/Containers/CheckOut/CheckoutComponent.js": {"path":"/Users/mk/Desktop/Udemy/React/react-applications/burger-maker/src/features/Containers/CheckOut/CheckoutComponent.js","statementMap":{"0":{"start":{"line":13,"column":30},"end":{"line":15,"column":3}},"1":{"start":{"line":14,"column":4},"end":{"line":14,"column":56}},"2":{"start":{"line":17,"column":29},"end":{"line":19,"column":3}},"3":{"start":{"line":18,"column":4},"end":{"line":18,"column":32}},"4":{"start":{"line":24,"column":6},"end":{"line":24,"column":25}},"5":{"start":{"line":27,"column":4},"end":{"line":41,"column":5}},"6":{"start":{"line":28,"column":32},"end":{"line":28,"column":81}},"7":{"start":{"line":30,"column":6},"end":{"line":40,"column":8}},"8":{"start":{"line":43,"column":4},"end":{"line":47,"column":6}},"9":{"start":{"line":51,"column":24},"end":{"line":56,"column":1}},"10":{"start":{"line":52,"column":2},"end":{"line":55,"column":3}}},"fnMap":{"0":{"name":"(anonymous_0)","decl":{"start":{"line":13,"column":30},"end":{"line":13,"column":31}},"loc":{"start":{"line":13,"column":36},"end":{"line":15,"column":3}},"line":13},"1":{"name":"(anonymous_1)","decl":{"start":{"line":17,"column":29},"end":{"line":17,"column":30}},"loc":{"start":{"line":17,"column":35},"end":{"line":19,"column":3}},"line":17},"2":{"name":"(anonymous_2)","decl":{"start":{"line":21,"column":2},"end":{"line":21,"column":3}},"loc":{"start":{"line":21,"column":12},"end":{"line":48,"column":3}},"line":21},"3":{"name":"(anonymous_3)","decl":{"start":{"line":51,"column":24},"end":{"line":51,"column":25}},"loc":{"start":{"line":51,"column":35},"end":{"line":56,"column":1}},"line":51}},"branchMap":{"0":{"loc":{"start":{"line":27,"column":4},"end":{"line":41,"column":5}},"type":"if","locations":[{"start":{"line":27,"column":4},"end":{"line":41,"column":5}},{"start":{"line":27,"column":4},"end":{"line":41,"column":5}}],"line":27},"1":{"loc":{"start":{"line":28,"column":32},"end":{"line":28,"column":81}},"type":"cond-expr","locations":[{"start":{"line":28,"column":55},"end":{"line":28,"column":74}},{"start":{"line":28,"column":77},"end":{"line":28,"column":81}}],"line":28}},"s":{"0":0,"1":0,"2":0,"3":0,"4":0,"5":0,"6":0,"7":0,"8":0,"9":0,"10":0},"f":{"0":0,"1":0,"2":0,"3":0},"b":{"0":[0,0],"1":[0,0]},"hash":"70d241ee83f82a7d4220c91eeab40bc40243bef2"}
,"/Users/mk/Desktop/Udemy/React/react-applications/burger-maker/src/features/Containers/CheckOut/ContactData/ContactData.js": {"path":"/Users/mk/Desktop/Udemy/React/react-applications/burger-maker/src/features/Containers/CheckOut/ContactData/ContactData.js","statementMap":{"0":{"start":{"line":18,"column":10},"end":{"line":102,"column":3}},"1":{"start":{"line":109,"column":21},"end":{"line":109,"column":23}},"2":{"start":{"line":111,"column":4},"end":{"line":113,"column":5}},"3":{"start":{"line":112,"column":6},"end":{"line":112,"column":64}},"4":{"start":{"line":115,"column":4},"end":{"line":115,"column":20}},"5":{"start":{"line":118,"column":17},"end":{"line":129,"column":3}},"6":{"start":{"line":119,"column":4},"end":{"line":119,"column":27}},"7":{"start":{"line":121,"column":18},"end":{"line":126,"column":5}},"8":{"start":{"line":128,"column":4},"end":{"line":128,"column":54}},"9":{"start":{"line":131,"column":27},"end":{"line":149,"column":3}},"10":{"start":{"line":132,"column":20},"end":{"line":132,"column":32}},"11":{"start":{"line":133,"column":29},"end":{"line":133,"column":54}},"12":{"start":{"line":134,"column":29},"end":{"line":134,"column":67}},"13":{"start":{"line":135,"column":4},"end":{"line":135,"column":35}},"14":{"start":{"line":136,"column":4},"end":{"line":136,"column":36}},"15":{"start":{"line":137,"column":4},"end":{"line":137,"column":96}},"16":{"start":{"line":139,"column":4},"end":{"line":139,"column":57}},"17":{"start":{"line":141,"column":23},"end":{"line":141,"column":27}},"18":{"start":{"line":142,"column":4},"end":{"line":144,"column":5}},"19":{"start":{"line":143,"column":6},"end":{"line":143,"column":69}},"20":{"start":{"line":146,"column":4},"end":{"line":148,"column":6}},"21":{"start":{"line":153,"column":24},"end":{"line":153,"column":26}},"22":{"start":{"line":154,"column":4},"end":{"line":159,"column":5}},"23":{"start":{"line":155,"column":6},"end":{"line":158,"column":9}},"24":{"start":{"line":161,"column":15},"end":{"line":161,"column":19}},"25":{"start":{"line":163,"column":4},"end":{"line":187,"column":5}},"26":{"start":{"line":164,"column":6},"end":{"line":164,"column":36}},"27":{"start":{"line":166,"column":6},"end":{"line":186,"column":8}},"28":{"start":{"line":169,"column":12},"end":{"line":181,"column":14}},"29":{"start":{"line":179,"column":41},"end":{"line":179,"column":84}},"30":{"start":{"line":189,"column":4},"end":{"line":198,"column":6}},"31":{"start":{"line":202,"column":24},"end":{"line":210,"column":1}},"32":{"start":{"line":203,"column":2},"end":{"line":209,"column":3}},"33":{"start":{"line":212,"column":27},"end":{"line":217,"column":1}},"34":{"start":{"line":213,"column":2},"end":{"line":216,"column":3}},"35":{"start":{"line":214,"column":37},"end":{"line":214,"column":84}},"36":{"start":{"line":215,"column":30},"end":{"line":215,"column":69}}},"fnMap":{"0":{"name":"(anonymous_0)","decl":{"start":{"line":104,"column":2},"end":{"line":104,"column":3}},"loc":{"start":{"line":104,"column":22},"end":{"line":106,"column":3}},"line":104},"1":{"name":"(anonymous_1)","decl":{"start":{"line":108,"column":2},"end":{"line":108,"column":3}},"loc":{"start":{"line":108,"column":16},"end":{"line":116,"column":3}},"line":108},"2":{"name":"(anonymous_2)","decl":{"start":{"line":118,"column":17},"end":{"line":118,"column":18}},"loc":{"start":{"line":118,"column":28},"end":{"line":129,"column":3}},"line":118},"3":{"name":"(anonymous_3)","decl":{"start":{"line":131,"column":27},"end":{"line":131,"column":28}},"loc":{"start":{"line":131,"column":55},"end":{"line":149,"column":3}},"line":131},"4":{"name":"(anonymous_4)","decl":{"start":{"line":151,"column":2},"end":{"line":151,"column":3}},"loc":{"start":{"line":151,"column":11},"end":{"line":199,"column":3}},"line":151},"5":{"name":"(anonymous_5)","decl":{"start":{"line":168,"column":27},"end":{"line":168,"column":28}},"loc":{"start":{"line":168,"column":41},"end":{"line":182,"column":11}},"line":168},"6":{"name":"(anonymous_6)","decl":{"start":{"line":179,"column":33},"end":{"line":179,"column":34}},"loc":{"start":{"line":179,"column":40},"end":{"line":179,"column":85}},"line":179},"7":{"name":"(anonymous_7)","decl":{"start":{"line":202,"column":24},"end":{"line":202,"column":25}},"loc":{"start":{"line":202,"column":35},"end":{"line":210,"column":1}},"line":202},"8":{"name":"(anonymous_8)","decl":{"start":{"line":212,"column":27},"end":{"line":212,"column":28}},"loc":{"start":{"line":212,"column":41},"end":{"line":217,"column":1}},"line":212},"9":{"name":"(anonymous_9)","decl":{"start":{"line":214,"column":19},"end":{"line":214,"column":20}},"loc":{"start":{"line":214,"column":37},"end":{"line":214,"column":84}},"line":214},"10":{"name":"(anonymous_10)","decl":{"start":{"line":215,"column":24},"end":{"line":215,"column":25}},"loc":{"start":{"line":215,"column":30},"end":{"line":215,"column":69}},"line":215}},"branchMap":{"0":{"loc":{"start":{"line":143,"column":22},"end":{"line":143,"column":67}},"type":"binary-expr","locations":[{"start":{"line":143,"column":22},"end":{"line":143,"column":51}},{"start":{"line":143,"column":55},"end":{"line":143,"column":67}}],"line":143},"1":{"loc":{"start":{"line":163,"column":4},"end":{"line":187,"column":5}},"type":"if","locations":[{"start":{"line":163,"column":4},"end":{"line":187,"column":5}},{"start":{"line":163,"column":4},"end":{"line":187,"column":5}}],"line":163}},"s":{"0":0,"1":0,"2":0,"3":0,"4":0,"5":0,"6":0,"7":0,"8":0,"9":0,"10":0,"11":0,"12":0,"13":0,"14":0,"15":0,"16":0,"17":0,"18":0,"19":0,"20":0,"21":0,"22":0,"23":0,"24":0,"25":0,"26":0,"27":0,"28":0,"29":0,"30":0,"31":0,"32":0,"33":0,"34":0,"35":0,"36":0},"f":{"0":0,"1":0,"2":0,"3":0,"4":0,"5":0,"6":0,"7":0,"8":0,"9":0,"10":0},"b":{"0":[0,0],"1":[0,0]},"hash":"370eda43c29b1c886380999a4ccebbeca8b915d8"}
,"/Users/mk/Desktop/Udemy/React/react-applications/burger-maker/src/features/Containers/Layout/LayoutComponent.js": {"path":"/Users/mk/Desktop/Udemy/React/react-applications/burger-maker/src/features/Containers/Layout/LayoutComponent.js","statementMap":{"0":{"start":{"line":12,"column":10},"end":{"line":14,"column":3}},"1":{"start":{"line":16,"column":22},"end":{"line":20,"column":3}},"2":{"start":{"line":17,"column":4},"end":{"line":19,"column":6}},"3":{"start":{"line":22,"column":20},"end":{"line":26,"column":3}},"4":{"start":{"line":23,"column":4},"end":{"line":25,"column":7}},"5":{"start":{"line":24,"column":6},"end":{"line":24,"column":56}},"6":{"start":{"line":30,"column":4},"end":{"line":40,"column":6}},"7":{"start":{"line":44,"column":24},"end":{"line":48,"column":1}},"8":{"start":{"line":45,"column":2},"end":{"line":47,"column":3}}},"fnMap":{"0":{"name":"(anonymous_0)","decl":{"start":{"line":16,"column":22},"end":{"line":16,"column":23}},"loc":{"start":{"line":16,"column":28},"end":{"line":20,"column":3}},"line":16},"1":{"name":"(anonymous_1)","decl":{"start":{"line":22,"column":20},"end":{"line":22,"column":21}},"loc":{"start":{"line":22,"column":26},"end":{"line":26,"column":3}},"line":22},"2":{"name":"(anonymous_2)","decl":{"start":{"line":23,"column":18},"end":{"line":23,"column":19}},"loc":{"start":{"line":23,"column":33},"end":{"line":25,"column":5}},"line":23},"3":{"name":"(anonymous_3)","decl":{"start":{"line":28,"column":2},"end":{"line":28,"column":3}},"loc":{"start":{"line":28,"column":12},"end":{"line":41,"column":3}},"line":28},"4":{"name":"(anonymous_4)","decl":{"start":{"line":44,"column":24},"end":{"line":44,"column":25}},"loc":{"start":{"line":44,"column":35},"end":{"line":48,"column":1}},"line":44}},"branchMap":{},"s":{"0":0,"1":0,"2":0,"3":0,"4":0,"5":0,"6":0,"7":0,"8":0},"f":{"0":0,"1":0,"2":0,"3":0,"4":0},"b":{},"hash":"baa666da525107781ddeaa7b0a1b0262df00264b"}
,"/Users/mk/Desktop/Udemy/React/react-applications/burger-maker/src/features/Containers/Orders/OrdersComponent.js": {"path":"/Users/mk/Desktop/Udemy/React/react-applications/burger-maker/src/features/Containers/Orders/OrdersComponent.js","statementMap":{"0":{"start":{"line":15,"column":4},"end":{"line":17,"column":5}},"1":{"start":{"line":16,"column":6},"end":{"line":16,"column":68}},"2":{"start":{"line":21,"column":4},"end":{"line":21,"column":56}},"3":{"start":{"line":25,"column":15},"end":{"line":25,"column":19}},"4":{"start":{"line":27,"column":4},"end":{"line":45,"column":5}},"5":{"start":{"line":28,"column":6},"end":{"line":28,"column":36}},"6":{"start":{"line":30,"column":6},"end":{"line":44,"column":8}},"7":{"start":{"line":34,"column":12},"end":{"line":41,"column":14}},"8":{"start":{"line":39,"column":39},"end":{"line":39,"column":72}},"9":{"start":{"line":47,"column":4},"end":{"line":51,"column":6}},"10":{"start":{"line":55,"column":24},"end":{"line":62,"column":1}},"11":{"start":{"line":56,"column":2},"end":{"line":61,"column":3}},"12":{"start":{"line":64,"column":27},"end":{"line":69,"column":1}},"13":{"start":{"line":65,"column":2},"end":{"line":68,"column":3}},"14":{"start":{"line":66,"column":38},"end":{"line":66,"column":86}},"15":{"start":{"line":67,"column":39},"end":{"line":67,"column":88}}},"fnMap":{"0":{"name":"(anonymous_0)","decl":{"start":{"line":14,"column":2},"end":{"line":14,"column":3}},"loc":{"start":{"line":14,"column":22},"end":{"line":18,"column":3}},"line":14},"1":{"name":"(anonymous_1)","decl":{"start":{"line":20,"column":2},"end":{"line":20,"column":3}},"loc":{"start":{"line":20,"column":30},"end":{"line":22,"column":3}},"line":20},"2":{"name":"(anonymous_2)","decl":{"start":{"line":24,"column":2},"end":{"line":24,"column":3}},"loc":{"start":{"line":24,"column":12},"end":{"line":52,"column":3}},"line":24},"3":{"name":"(anonymous_3)","decl":{"start":{"line":33,"column":33},"end":{"line":33,"column":34}},"loc":{"start":{"line":33,"column":44},"end":{"line":42,"column":11}},"line":33},"4":{"name":"(anonymous_4)","decl":{"start":{"line":39,"column":33},"end":{"line":39,"column":34}},"loc":{"start":{"line":39,"column":39},"end":{"line":39,"column":72}},"line":39},"5":{"name":"(anonymous_5)","decl":{"start":{"line":55,"column":24},"end":{"line":55,"column":25}},"loc":{"start":{"line":55,"column":35},"end":{"line":62,"column":1}},"line":55},"6":{"name":"(anonymous_6)","decl":{"start":{"line":64,"column":27},"end":{"line":64,"column":28}},"loc":{"start":{"line":64,"column":41},"end":{"line":69,"column":1}},"line":64},"7":{"name":"(anonymous_7)","decl":{"start":{"line":66,"column":19},"end":{"line":66,"column":20}},"loc":{"start":{"line":66,"column":38},"end":{"line":66,"column":86}},"line":66},"8":{"name":"(anonymous_8)","decl":{"start":{"line":67,"column":19},"end":{"line":67,"column":20}},"loc":{"start":{"line":67,"column":39},"end":{"line":67,"column":88}},"line":67}},"branchMap":{"0":{"loc":{"start":{"line":15,"column":4},"end":{"line":17,"column":5}},"type":"if","locations":[{"start":{"line":15,"column":4},"end":{"line":17,"column":5}},{"start":{"line":15,"column":4},"end":{"line":17,"column":5}}],"line":15},"1":{"loc":{"start":{"line":15,"column":8},"end":{"line":15,"column":45}},"type":"binary-expr","locations":[{"start":{"line":15,"column":8},"end":{"line":15,"column":24}},{"start":{"line":15,"column":28},"end":{"line":15,"column":45}}],"line":15},"2":{"loc":{"start":{"line":27,"column":4},"end":{"line":45,"column":5}},"type":"if","locations":[{"start":{"line":27,"column":4},"end":{"line":45,"column":5}},{"start":{"line":27,"column":4},"end":{"line":45,"column":5}}],"line":27}},"s":{"0":0,"1":0,"2":0,"3":0,"4":0,"5":0,"6":0,"7":0,"8":0,"9":0,"10":0,"11":0,"12":0,"13":0,"14":0,"15":0},"f":{"0":0,"1":0,"2":0,"3":0,"4":0,"5":0,"6":0,"7":0,"8":0},"b":{"0":[0,0],"1":[0,0],"2":[0,0]},"hash":"b583f92e579d2a7ef2214ce8ae26d6724cfba575"}
,"/Users/mk/Desktop/Udemy/React/react-applications/burger-maker/src/features/hoc/AsyncComponent/AsyncComponent.js": {"path":"/Users/mk/Desktop/Udemy/React/react-applications/burger-maker/src/features/hoc/AsyncComponent/AsyncComponent.js","statementMap":{"0":{"start":{"line":3,"column":23},"end":{"line":21,"column":1}},"1":{"start":{"line":4,"column":2},"end":{"line":20,"column":3}},"2":{"start":{"line":5,"column":12},"end":{"line":7,"column":5}},"3":{"start":{"line":10,"column":6},"end":{"line":12,"column":8}},"4":{"start":{"line":11,"column":8},"end":{"line":11,"column":48}},"5":{"start":{"line":16,"column":16},"end":{"line":16,"column":36}},"6":{"start":{"line":18,"column":6},"end":{"line":18,"column":46}}},"fnMap":{"0":{"name":"(anonymous_0)","decl":{"start":{"line":3,"column":23},"end":{"line":3,"column":24}},"loc":{"start":{"line":3,"column":46},"end":{"line":21,"column":1}},"line":3},"1":{"name":"(anonymous_1)","decl":{"start":{"line":9,"column":4},"end":{"line":9,"column":5}},"loc":{"start":{"line":9,"column":25},"end":{"line":13,"column":5}},"line":9},"2":{"name":"(anonymous_2)","decl":{"start":{"line":10,"column":31},"end":{"line":10,"column":32}},"loc":{"start":{"line":10,"column":40},"end":{"line":12,"column":7}},"line":10},"3":{"name":"(anonymous_3)","decl":{"start":{"line":15,"column":4},"end":{"line":15,"column":5}},"loc":{"start":{"line":15,"column":14},"end":{"line":19,"column":5}},"line":15}},"branchMap":{"0":{"loc":{"start":{"line":18,"column":13},"end":{"line":18,"column":45}},"type":"cond-expr","locations":[{"start":{"line":18,"column":17},"end":{"line":18,"column":38}},{"start":{"line":18,"column":41},"end":{"line":18,"column":45}}],"line":18}},"s":{"0":0,"1":0,"2":0,"3":0,"4":0,"5":0,"6":0},"f":{"0":0,"1":0,"2":0,"3":0},"b":{"0":[0,0]},"hash":"7c252f3ac470962484fe3bb061b7439e42481313"}
,"/Users/mk/Desktop/Udemy/React/react-applications/burger-maker/src/features/hoc/WithErrorHandler/WithErrorHandler.js": {"path":"/Users/mk/Desktop/Udemy/React/react-applications/burger-maker/src/features/hoc/WithErrorHandler/WithErrorHandler.js","statementMap":{"0":{"start":{"line":6,"column":34},"end":{"line":44,"column":1}},"1":{"start":{"line":8,"column":2},"end":{"line":43,"column":3}},"2":{"start":{"line":9,"column":12},"end":{"line":11,"column":5}},"3":{"start":{"line":14,"column":6},"end":{"line":14,"column":60}},"4":{"start":{"line":15,"column":6},"end":{"line":15,"column":61}},"5":{"start":{"line":19,"column":6},"end":{"line":22,"column":9}},"6":{"start":{"line":20,"column":8},"end":{"line":20,"column":37}},"7":{"start":{"line":21,"column":8},"end":{"line":21,"column":19}},"8":{"start":{"line":23,"column":6},"end":{"line":25,"column":9}},"9":{"start":{"line":23,"column":69},"end":{"line":23,"column":72}},"10":{"start":{"line":24,"column":8},"end":{"line":24,"column":41}},"11":{"start":{"line":28,"column":25},"end":{"line":30,"column":5}},"12":{"start":{"line":29,"column":6},"end":{"line":29,"column":35}},"13":{"start":{"line":33,"column":6},"end":{"line":41,"column":8}}},"fnMap":{"0":{"name":"(anonymous_0)","decl":{"start":{"line":6,"column":34},"end":{"line":6,"column":35}},"loc":{"start":{"line":6,"column":63},"end":{"line":44,"column":1}},"line":6},"1":{"name":"(anonymous_1)","decl":{"start":{"line":13,"column":4},"end":{"line":13,"column":5}},"loc":{"start":{"line":13,"column":27},"end":{"line":16,"column":5}},"line":13},"2":{"name":"(anonymous_2)","decl":{"start":{"line":18,"column":4},"end":{"line":18,"column":5}},"loc":{"start":{"line":18,"column":25},"end":{"line":26,"column":5}},"line":18},"3":{"name":"(anonymous_3)","decl":{"start":{"line":19,"column":59},"end":{"line":19,"column":60}},"loc":{"start":{"line":19,"column":68},"end":{"line":22,"column":7}},"line":19},"4":{"name":"(anonymous_4)","decl":{"start":{"line":23,"column":60},"end":{"line":23,"column":61}},"loc":{"start":{"line":23,"column":69},"end":{"line":23,"column":72}},"line":23},"5":{"name":"(anonymous_5)","decl":{"start":{"line":23,"column":74},"end":{"line":23,"column":75}},"loc":{"start":{"line":23,"column":88},"end":{"line":25,"column":7}},"line":23},"6":{"name":"(anonymous_6)","decl":{"start":{"line":28,"column":25},"end":{"line":28,"column":26}},"loc":{"start":{"line":28,"column":31},"end":{"line":30,"column":5}},"line":28},"7":{"name":"(anonymous_7)","decl":{"start":{"line":32,"column":4},"end":{"line":32,"column":5}},"loc":{"start":{"line":32,"column":13},"end":{"line":42,"column":5}},"line":32}},"branchMap":{"0":{"loc":{"start":{"line":36,"column":13},"end":{"line":36,"column":63}},"type":"cond-expr","locations":[{"start":{"line":36,"column":32},"end":{"line":36,"column":56}},{"start":{"line":36,"column":59},"end":{"line":36,"column":63}}],"line":36}},"s":{"0":1,"1":1,"2":0,"3":0,"4":0,"5":0,"6":0,"7":0,"8":0,"9":0,"10":0,"11":0,"12":0,"13":0},"f":{"0":1,"1":0,"2":0,"3":0,"4":0,"5":0,"6":0,"7":0},"b":{"0":[0,0]},"_coverageSchema":"43e27e138ebf9cfc5966b082cf9a028302ed4184","hash":"160775f0328333f153f61a55081a3674152f9802"}
,"/Users/mk/Desktop/Udemy/React/react-applications/burger-maker/src/shared/utility.js": {"path":"/Users/mk/Desktop/Udemy/React/react-applications/burger-maker/src/shared/utility.js","statementMap":{"0":{"start":{"line":1,"column":29},"end":{"line":17,"column":1}},"1":{"start":{"line":2,"column":16},"end":{"line":2,"column":20}},"2":{"start":{"line":4,"column":2},"end":{"line":6,"column":3}},"3":{"start":{"line":5,"column":4},"end":{"line":5,"column":47}},"4":{"start":{"line":8,"column":2},"end":{"line":10,"column":3}},"5":{"start":{"line":9,"column":4},"end":{"line":9,"column":59}},"6":{"start":{"line":12,"column":2},"end":{"line":14,"column":3}},"7":{"start":{"line":13,"column":4},"end":{"line":13,"column":59}},"8":{"start":{"line":16,"column":2},"end":{"line":16,"column":17}}},"fnMap":{"0":{"name":"(anonymous_0)","decl":{"start":{"line":1,"column":29},"end":{"line":1,"column":30}},"loc":{"start":{"line":1,"column":47},"end":{"line":17,"column":1}},"line":1}},"branchMap":{"0":{"loc":{"start":{"line":4,"column":2},"end":{"line":6,"column":3}},"type":"if","locations":[{"start":{"line":4,"column":2},"end":{"line":6,"column":3}},{"start":{"line":4,"column":2},"end":{"line":6,"column":3}}],"line":4},"1":{"loc":{"start":{"line":5,"column":14},"end":{"line":5,"column":46}},"type":"binary-expr","locations":[{"start":{"line":5,"column":15},"end":{"line":5,"column":34}},{"start":{"line":5,"column":39},"end":{"line":5,"column":46}}],"line":5},"2":{"loc":{"start":{"line":8,"column":2},"end":{"line":10,"column":3}},"type":"if","locations":[{"start":{"line":8,"column":2},"end":{"line":10,"column":3}},{"start":{"line":8,"column":2},"end":{"line":10,"column":3}}],"line":8},"3":{"loc":{"start":{"line":9,"column":15},"end":{"line":9,"column":57}},"type":"binary-expr","locations":[{"start":{"line":9,"column":15},"end":{"line":9,"column":46}},{"start":{"line":9,"column":50},"end":{"line":9,"column":57}}],"line":9},"4":{"loc":{"start":{"line":12,"column":2},"end":{"line":14,"column":3}},"type":"if","locations":[{"start":{"line":12,"column":2},"end":{"line":14,"column":3}},{"start":{"line":12,"column":2},"end":{"line":14,"column":3}}],"line":12},"5":{"loc":{"start":{"line":13,"column":15},"end":{"line":13,"column":57}},"type":"binary-expr","locations":[{"start":{"line":13,"column":15},"end":{"line":13,"column":46}},{"start":{"line":13,"column":50},"end":{"line":13,"column":57}}],"line":13}},"s":{"0":0,"1":0,"2":0,"3":0,"4":0,"5":0,"6":0,"7":0,"8":0},"f":{"0":0},"b":{"0":[0,0],"1":[0,0],"2":[0,0],"3":[0,0],"4":[0,0],"5":[0,0]},"hash":"0273e6eaeb912715afb2d03bb3a0a49a8c52e7ff"}
,"/Users/mk/Desktop/Udemy/React/react-applications/burger-maker/src/store/utility.js": {"path":"/Users/mk/Desktop/Udemy/React/react-applications/burger-maker/src/store/utility.js","statementMap":{"0":{"start":{"line":1,"column":25},"end":{"line":5,"column":1}},"1":{"start":{"line":2,"column":2},"end":{"line":4,"column":3}}},"fnMap":{"0":{"name":"(anonymous_0)","decl":{"start":{"line":1,"column":25},"end":{"line":1,"column":26}},"loc":{"start":{"line":1,"column":48},"end":{"line":5,"column":1}},"line":1}},"branchMap":{},"s":{"0":0,"1":0},"f":{"0":0},"b":{},"hash":"876055176e7b567b12bd291d80deabaec8dd89da"}
,"/Users/mk/Desktop/Udemy/React/react-applications/burger-maker/src/store/actions/actionTypes.js": {"path":"/Users/mk/Desktop/Udemy/React/react-applications/burger-maker/src/store/actions/actionTypes.js","statementMap":{"0":{"start":{"line":1,"column":30},"end":{"line":1,"column":46}},"1":{"start":{"line":2,"column":33},"end":{"line":2,"column":52}},"2":{"start":{"line":3,"column":31},"end":{"line":3,"column":48}},"3":{"start":{"line":4,"column":40},"end":{"line":4,"column":66}},"4":{"start":{"line":5,"column":33},"end":{"line":5,"column":52}},"5":{"start":{"line":7,"column":29},"end":{"line":7,"column":44}},"6":{"start":{"line":8,"column":28},"end":{"line":8,"column":42}},"7":{"start":{"line":9,"column":29},"end":{"line":9,"column":44}},"8":{"start":{"line":10,"column":26},"end":{"line":10,"column":38}},"9":{"start":{"line":12,"column":33},"end":{"line":12,"column":52}},"10":{"start":{"line":13,"column":36},"end":{"line":13,"column":58}},"11":{"start":{"line":14,"column":35},"end":{"line":14,"column":56}},"12":{"start":{"line":16,"column":34},"end":{"line":16,"column":54}},"13":{"start":{"line":17,"column":37},"end":{"line":17,"column":60}},"14":{"start":{"line":18,"column":36},"end":{"line":18,"column":58}},"15":{"start":{"line":20,"column":26},"end":{"line":20,"column":38}},"16":{"start":{"line":21,"column":28},"end":{"line":21,"column":42}},"17":{"start":{"line":22,"column":27},"end":{"line":22,"column":40}},"18":{"start":{"line":23,"column":28},"end":{"line":23,"column":42}},"19":{"start":{"line":24,"column":38},"end":{"line":24,"column":62}}},"fnMap":{},"branchMap":{},"s":{"0":2,"1":2,"2":2,"3":2,"4":2,"5":2,"6":2,"7":2,"8":2,"9":2,"10":2,"11":2,"12":2,"13":2,"14":2,"15":2,"16":2,"17":2,"18":2,"19":2},"f":{},"b":{},"_coverageSchema":"43e27e138ebf9cfc5966b082cf9a028302ed4184","hash":"2d5b81df525bb88347dc7252bbc7249a9acdec89"}
,"/Users/mk/Desktop/Udemy/React/react-applications/burger-maker/src/store/actions/authActions.js": {"path":"/Users/mk/Desktop/Udemy/React/react-applications/burger-maker/src/store/actions/authActions.js","statementMap":{"0":{"start":{"line":5,"column":25},"end":{"line":9,"column":1}},"1":{"start":{"line":6,"column":2},"end":{"line":8,"column":3}},"2":{"start":{"line":11,"column":27},"end":{"line":17,"column":1}},"3":{"start":{"line":12,"column":2},"end":{"line":16,"column":3}},"4":{"start":{"line":19,"column":26},"end":{"line":24,"column":1}},"5":{"start":{"line":20,"column":2},"end":{"line":23,"column":3}},"6":{"start":{"line":26,"column":22},"end":{"line":33,"column":1}},"7":{"start":{"line":27,"column":2},"end":{"line":27,"column":35}},"8":{"start":{"line":28,"column":2},"end":{"line":28,"column":40}},"9":{"start":{"line":29,"column":2},"end":{"line":29,"column":36}},"10":{"start":{"line":30,"column":2},"end":{"line":32,"column":3}},"11":{"start":{"line":35,"column":32},"end":{"line":39,"column":1}},"12":{"start":{"line":36,"column":2},"end":{"line":38,"column":3}},"13":{"start":{"line":37,"column":4},"end":{"line":37,"column":58}},"14":{"start":{"line":37,"column":21},"end":{"line":37,"column":39}},"15":{"start":{"line":41,"column":20},"end":{"line":67,"column":1}},"16":{"start":{"line":42,"column":2},"end":{"line":66,"column":3}},"17":{"start":{"line":43,"column":4},"end":{"line":43,"column":26}},"18":{"start":{"line":45,"column":14},"end":{"line":45,"column":117}},"19":{"start":{"line":47,"column":4},"end":{"line":47,"column":142}},"20":{"start":{"line":49,"column":21},"end":{"line":51,"column":5}},"21":{"start":{"line":53,"column":4},"end":{"line":65,"column":6}},"22":{"start":{"line":55,"column":22},"end":{"line":55,"column":87}},"23":{"start":{"line":56,"column":6},"end":{"line":56,"column":59}},"24":{"start":{"line":57,"column":6},"end":{"line":57,"column":50}},"25":{"start":{"line":58,"column":6},"end":{"line":58,"column":60}},"26":{"start":{"line":60,"column":6},"end":{"line":60,"column":43}},"27":{"start":{"line":61,"column":6},"end":{"line":61,"column":58}},"28":{"start":{"line":64,"column":6},"end":{"line":64,"column":54}},"29":{"start":{"line":69,"column":35},"end":{"line":74,"column":1}},"30":{"start":{"line":70,"column":2},"end":{"line":73,"column":3}},"31":{"start":{"line":76,"column":30},"end":{"line":93,"column":1}},"32":{"start":{"line":77,"column":2},"end":{"line":92,"column":3}},"33":{"start":{"line":78,"column":18},"end":{"line":78,"column":47}},"34":{"start":{"line":80,"column":4},"end":{"line":91,"column":5}},"35":{"start":{"line":81,"column":6},"end":{"line":81,"column":25}},"36":{"start":{"line":83,"column":25},"end":{"line":83,"column":59}},"37":{"start":{"line":84,"column":6},"end":{"line":90,"column":7}},"38":{"start":{"line":85,"column":8},"end":{"line":85,"column":27}},"39":{"start":{"line":87,"column":23},"end":{"line":87,"column":53}},"40":{"start":{"line":88,"column":8},"end":{"line":88,"column":65}},"41":{"start":{"line":89,"column":8},"end":{"line":89,"column":99}}},"fnMap":{"0":{"name":"(anonymous_0)","decl":{"start":{"line":5,"column":25},"end":{"line":5,"column":26}},"loc":{"start":{"line":5,"column":31},"end":{"line":9,"column":1}},"line":5},"1":{"name":"(anonymous_1)","decl":{"start":{"line":11,"column":27},"end":{"line":11,"column":28}},"loc":{"start":{"line":11,"column":41},"end":{"line":17,"column":1}},"line":11},"2":{"name":"(anonymous_2)","decl":{"start":{"line":19,"column":26},"end":{"line":19,"column":27}},"loc":{"start":{"line":19,"column":37},"end":{"line":24,"column":1}},"line":19},"3":{"name":"(anonymous_3)","decl":{"start":{"line":26,"column":22},"end":{"line":26,"column":23}},"loc":{"start":{"line":26,"column":28},"end":{"line":33,"column":1}},"line":26},"4":{"name":"(anonymous_4)","decl":{"start":{"line":35,"column":32},"end":{"line":35,"column":33}},"loc":{"start":{"line":35,"column":46},"end":{"line":39,"column":1}},"line":35},"5":{"name":"(anonymous_5)","decl":{"start":{"line":36,"column":9},"end":{"line":36,"column":10}},"loc":{"start":{"line":36,"column":23},"end":{"line":38,"column":3}},"line":36},"6":{"name":"(anonymous_6)","decl":{"start":{"line":37,"column":15},"end":{"line":37,"column":16}},"loc":{"start":{"line":37,"column":21},"end":{"line":37,"column":39}},"line":37},"7":{"name":"(anonymous_7)","decl":{"start":{"line":41,"column":20},"end":{"line":41,"column":21}},"loc":{"start":{"line":41,"column":51},"end":{"line":67,"column":1}},"line":41},"8":{"name":"(anonymous_8)","decl":{"start":{"line":42,"column":9},"end":{"line":42,"column":10}},"loc":{"start":{"line":42,"column":23},"end":{"line":66,"column":3}},"line":42},"9":{"name":"(anonymous_9)","decl":{"start":{"line":53,"column":35},"end":{"line":53,"column":36}},"loc":{"start":{"line":53,"column":49},"end":{"line":62,"column":5}},"line":53},"10":{"name":"(anonymous_10)","decl":{"start":{"line":62,"column":13},"end":{"line":62,"column":14}},"loc":{"start":{"line":62,"column":24},"end":{"line":65,"column":5}},"line":62},"11":{"name":"(anonymous_11)","decl":{"start":{"line":69,"column":35},"end":{"line":69,"column":36}},"loc":{"start":{"line":69,"column":45},"end":{"line":74,"column":1}},"line":69},"12":{"name":"(anonymous_12)","decl":{"start":{"line":76,"column":30},"end":{"line":76,"column":31}},"loc":{"start":{"line":76,"column":36},"end":{"line":93,"column":1}},"line":76},"13":{"name":"(anonymous_13)","decl":{"start":{"line":77,"column":9},"end":{"line":77,"column":10}},"loc":{"start":{"line":77,"column":21},"end":{"line":92,"column":3}},"line":77}},"branchMap":{"0":{"loc":{"start":{"line":47,"column":10},"end":{"line":47,"column":142}},"type":"cond-expr","locations":[{"start":{"line":47,"column":21},"end":{"line":47,"column":24}},{"start":{"line":47,"column":27},"end":{"line":47,"column":142}}],"line":47},"1":{"loc":{"start":{"line":80,"column":4},"end":{"line":91,"column":5}},"type":"if","locations":[{"start":{"line":80,"column":4},"end":{"line":91,"column":5}},{"start":{"line":80,"column":4},"end":{"line":91,"column":5}}],"line":80},"2":{"loc":{"start":{"line":84,"column":6},"end":{"line":90,"column":7}},"type":"if","locations":[{"start":{"line":84,"column":6},"end":{"line":90,"column":7}},{"start":{"line":84,"column":6},"end":{"line":90,"column":7}}],"line":84}},"s":{"0":1,"1":0,"2":1,"3":0,"4":1,"5":0,"6":1,"7":0,"8":0,"9":0,"10":0,"11":1,"12":0,"13":0,"14":0,"15":1,"16":0,"17":0,"18":0,"19":0,"20":0,"21":0,"22":0,"23":0,"24":0,"25":0,"26":0,"27":0,"28":0,"29":1,"30":0,"31":1,"32":0,"33":0,"34":0,"35":0,"36":0,"37":0,"38":0,"39":0,"40":0,"41":0},"f":{"0":0,"1":0,"2":0,"3":0,"4":0,"5":0,"6":0,"7":0,"8":0,"9":0,"10":0,"11":0,"12":0,"13":0},"b":{"0":[0,0],"1":[0,0],"2":[0,0]},"_coverageSchema":"43e27e138ebf9cfc5966b082cf9a028302ed4184","hash":"aa5c3d0809738cd4a21093e516c40fb843a71cbb"}
,"/Users/mk/Desktop/Udemy/React/react-applications/burger-maker/src/store/actions/burgerActions.js": {"path":"/Users/mk/Desktop/Udemy/React/react-applications/burger-maker/src/store/actions/burgerActions.js","statementMap":{"0":{"start":{"line":4,"column":29},"end":{"line":9,"column":1}},"1":{"start":{"line":5,"column":2},"end":{"line":8,"column":3}},"2":{"start":{"line":11,"column":32},"end":{"line":16,"column":1}},"3":{"start":{"line":12,"column":2},"end":{"line":15,"column":3}},"4":{"start":{"line":18,"column":31},"end":{"line":22,"column":1}},"5":{"start":{"line":19,"column":2},"end":{"line":21,"column":3}},"6":{"start":{"line":24,"column":38},"end":{"line":28,"column":1}},"7":{"start":{"line":25,"column":2},"end":{"line":27,"column":3}},"8":{"start":{"line":30,"column":30},"end":{"line":35,"column":1}},"9":{"start":{"line":31,"column":2},"end":{"line":34,"column":3}},"10":{"start":{"line":37,"column":32},"end":{"line":45,"column":1}},"11":{"start":{"line":38,"column":2},"end":{"line":44,"column":3}},"12":{"start":{"line":39,"column":4},"end":{"line":43,"column":7}},"13":{"start":{"line":40,"column":6},"end":{"line":40,"column":46}},"14":{"start":{"line":42,"column":6},"end":{"line":42,"column":41}}},"fnMap":{"0":{"name":"(anonymous_0)","decl":{"start":{"line":4,"column":29},"end":{"line":4,"column":30}},"loc":{"start":{"line":4,"column":42},"end":{"line":9,"column":1}},"line":4},"1":{"name":"(anonymous_1)","decl":{"start":{"line":11,"column":32},"end":{"line":11,"column":33}},"loc":{"start":{"line":11,"column":45},"end":{"line":16,"column":1}},"line":11},"2":{"name":"(anonymous_2)","decl":{"start":{"line":18,"column":31},"end":{"line":18,"column":32}},"loc":{"start":{"line":18,"column":37},"end":{"line":22,"column":1}},"line":18},"3":{"name":"(anonymous_3)","decl":{"start":{"line":24,"column":38},"end":{"line":24,"column":39}},"loc":{"start":{"line":24,"column":44},"end":{"line":28,"column":1}},"line":24},"4":{"name":"(anonymous_4)","decl":{"start":{"line":30,"column":30},"end":{"line":30,"column":31}},"loc":{"start":{"line":30,"column":43},"end":{"line":35,"column":1}},"line":30},"5":{"name":"(anonymous_5)","decl":{"start":{"line":37,"column":32},"end":{"line":37,"column":33}},"loc":{"start":{"line":37,"column":38},"end":{"line":45,"column":1}},"line":37},"6":{"name":"(anonymous_6)","decl":{"start":{"line":38,"column":9},"end":{"line":38,"column":10}},"loc":{"start":{"line":38,"column":23},"end":{"line":44,"column":3}},"line":38},"7":{"name":"(anonymous_7)","decl":{"start":{"line":39,"column":46},"end":{"line":39,"column":47}},"loc":{"start":{"line":39,"column":60},"end":{"line":41,"column":5}},"line":39},"8":{"name":"(anonymous_8)","decl":{"start":{"line":41,"column":13},"end":{"line":41,"column":14}},"loc":{"start":{"line":41,"column":24},"end":{"line":43,"column":5}},"line":41}},"branchMap":{},"s":{"0":1,"1":0,"2":1,"3":0,"4":1,"5":0,"6":1,"7":0,"8":1,"9":0,"10":1,"11":0,"12":0,"13":0,"14":0},"f":{"0":0,"1":0,"2":0,"3":0,"4":0,"5":0,"6":0,"7":0,"8":0},"b":{},"_coverageSchema":"43e27e138ebf9cfc5966b082cf9a028302ed4184","hash":"c17343102fc11cfd522d690d362bf8f641bffbb7"}
,"/Users/mk/Desktop/Udemy/React/react-applications/burger-maker/src/store/actions/index.js": {"path":"/Users/mk/Desktop/Udemy/React/react-applications/burger-maker/src/store/actions/index.js","statementMap":{},"fnMap":{},"branchMap":{},"s":{},"f":{},"b":{},"_coverageSchema":"43e27e138ebf9cfc5966b082cf9a028302ed4184","hash":"440c3db9192e27201bf618d565b2fc7b910a940c"}
,"/Users/mk/Desktop/Udemy/React/react-applications/burger-maker/src/store/actions/orderActions.js": {"path":"/Users/mk/Desktop/Udemy/React/react-applications/burger-maker/src/store/actions/orderActions.js","statementMap":{"0":{"start":{"line":4,"column":28},"end":{"line":10,"column":1}},"1":{"start":{"line":5,"column":2},"end":{"line":9,"column":3}},"2":{"start":{"line":12,"column":27},"end":{"line":17,"column":1}},"3":{"start":{"line":13,"column":2},"end":{"line":16,"column":3}},"4":{"start":{"line":19,"column":29},"end":{"line":23,"column":1}},"5":{"start":{"line":20,"column":2},"end":{"line":22,"column":3}},"6":{"start":{"line":25,"column":27},"end":{"line":35,"column":1}},"7":{"start":{"line":26,"column":2},"end":{"line":34,"column":3}},"8":{"start":{"line":27,"column":4},"end":{"line":27,"column":30}},"9":{"start":{"line":29,"column":4},"end":{"line":33,"column":7}},"10":{"start":{"line":30,"column":6},"end":{"line":30,"column":61}},"11":{"start":{"line":32,"column":6},"end":{"line":32,"column":35}},"12":{"start":{"line":37,"column":25},"end":{"line":41,"column":1}},"13":{"start":{"line":38,"column":2},"end":{"line":40,"column":3}},"14":{"start":{"line":44,"column":31},"end":{"line":48,"column":1}},"15":{"start":{"line":45,"column":2},"end":{"line":47,"column":3}},"16":{"start":{"line":50,"column":34},"end":{"line":55,"column":1}},"17":{"start":{"line":51,"column":2},"end":{"line":54,"column":3}},"18":{"start":{"line":57,"column":33},"end":{"line":62,"column":1}},"19":{"start":{"line":58,"column":2},"end":{"line":61,"column":3}},"20":{"start":{"line":64,"column":27},"end":{"line":81,"column":1}},"21":{"start":{"line":65,"column":2},"end":{"line":80,"column":3}},"22":{"start":{"line":66,"column":4},"end":{"line":66,"column":32}},"23":{"start":{"line":69,"column":24},"end":{"line":69,"column":87}},"24":{"start":{"line":71,"column":4},"end":{"line":79,"column":7}},"25":{"start":{"line":72,"column":28},"end":{"line":72,"column":30}},"26":{"start":{"line":73,"column":6},"end":{"line":75,"column":7}},"27":{"start":{"line":74,"column":8},"end":{"line":74,"column":63}},"28":{"start":{"line":76,"column":6},"end":{"line":76,"column":50}},"29":{"start":{"line":78,"column":6},"end":{"line":78,"column":41}},"30":{"start":{"line":84,"column":32},"end":{"line":88,"column":1}},"31":{"start":{"line":85,"column":2},"end":{"line":87,"column":3}},"32":{"start":{"line":90,"column":35},"end":{"line":94,"column":1}},"33":{"start":{"line":91,"column":2},"end":{"line":93,"column":3}},"34":{"start":{"line":96,"column":34},"end":{"line":100,"column":1}},"35":{"start":{"line":97,"column":2},"end":{"line":99,"column":3}},"36":{"start":{"line":102,"column":27},"end":{"line":114,"column":1}},"37":{"start":{"line":103,"column":2},"end":{"line":113,"column":3}},"38":{"start":{"line":104,"column":4},"end":{"line":104,"column":33}},"39":{"start":{"line":106,"column":4},"end":{"line":112,"column":7}},"40":{"start":{"line":108,"column":6},"end":{"line":108,"column":35}},"41":{"start":{"line":111,"column":6},"end":{"line":111,"column":42}}},"fnMap":{"0":{"name":"(anonymous_0)","decl":{"start":{"line":4,"column":28},"end":{"line":4,"column":29}},"loc":{"start":{"line":4,"column":47},"end":{"line":10,"column":1}},"line":4},"1":{"name":"(anonymous_1)","decl":{"start":{"line":12,"column":27},"end":{"line":12,"column":28}},"loc":{"start":{"line":12,"column":40},"end":{"line":17,"column":1}},"line":12},"2":{"name":"(anonymous_2)","decl":{"start":{"line":19,"column":29},"end":{"line":19,"column":30}},"loc":{"start":{"line":19,"column":35},"end":{"line":23,"column":1}},"line":19},"3":{"name":"(anonymous_3)","decl":{"start":{"line":25,"column":27},"end":{"line":25,"column":28}},"loc":{"start":{"line":25,"column":49},"end":{"line":35,"column":1}},"line":25},"4":{"name":"(anonymous_4)","decl":{"start":{"line":26,"column":9},"end":{"line":26,"column":10}},"loc":{"start":{"line":26,"column":23},"end":{"line":34,"column":3}},"line":26},"5":{"name":"(anonymous_5)","decl":{"start":{"line":29,"column":67},"end":{"line":29,"column":68}},"loc":{"start":{"line":29,"column":81},"end":{"line":31,"column":5}},"line":29},"6":{"name":"(anonymous_6)","decl":{"start":{"line":31,"column":13},"end":{"line":31,"column":14}},"loc":{"start":{"line":31,"column":24},"end":{"line":33,"column":5}},"line":31},"7":{"name":"(anonymous_7)","decl":{"start":{"line":37,"column":25},"end":{"line":37,"column":26}},"loc":{"start":{"line":37,"column":31},"end":{"line":41,"column":1}},"line":37},"8":{"name":"(anonymous_8)","decl":{"start":{"line":44,"column":31},"end":{"line":44,"column":32}},"loc":{"start":{"line":44,"column":37},"end":{"line":48,"column":1}},"line":44},"9":{"name":"(anonymous_9)","decl":{"start":{"line":50,"column":34},"end":{"line":50,"column":35}},"loc":{"start":{"line":50,"column":47},"end":{"line":55,"column":1}},"line":50},"10":{"name":"(anonymous_10)","decl":{"start":{"line":57,"column":33},"end":{"line":57,"column":34}},"loc":{"start":{"line":57,"column":46},"end":{"line":62,"column":1}},"line":57},"11":{"name":"(anonymous_11)","decl":{"start":{"line":64,"column":27},"end":{"line":64,"column":28}},"loc":{"start":{"line":64,"column":46},"end":{"line":81,"column":1}},"line":64},"12":{"name":"(anonymous_12)","decl":{"start":{"line":65,"column":9},"end":{"line":65,"column":10}},"loc":{"start":{"line":65,"column":34},"end":{"line":80,"column":3}},"line":65},"13":{"name":"(anonymous_13)","decl":{"start":{"line":71,"column":55},"end":{"line":71,"column":56}},"loc":{"start":{"line":71,"column":69},"end":{"line":77,"column":5}},"line":71},"14":{"name":"(anonymous_14)","decl":{"start":{"line":77,"column":13},"end":{"line":77,"column":14}},"loc":{"start":{"line":77,"column":24},"end":{"line":79,"column":5}},"line":77},"15":{"name":"(anonymous_15)","decl":{"start":{"line":84,"column":32},"end":{"line":84,"column":33}},"loc":{"start":{"line":84,"column":38},"end":{"line":88,"column":1}},"line":84},"16":{"name":"(anonymous_16)","decl":{"start":{"line":90,"column":35},"end":{"line":90,"column":36}},"loc":{"start":{"line":90,"column":41},"end":{"line":94,"column":1}},"line":90},"17":{"name":"(anonymous_17)","decl":{"start":{"line":96,"column":34},"end":{"line":96,"column":35}},"loc":{"start":{"line":96,"column":40},"end":{"line":100,"column":1}},"line":96},"18":{"name":"(anonymous_18)","decl":{"start":{"line":102,"column":27},"end":{"line":102,"column":28}},"loc":{"start":{"line":102,"column":47},"end":{"line":114,"column":1}},"line":102},"19":{"name":"(anonymous_19)","decl":{"start":{"line":103,"column":9},"end":{"line":103,"column":10}},"loc":{"start":{"line":103,"column":23},"end":{"line":113,"column":3}},"line":103},"20":{"name":"(anonymous_20)","decl":{"start":{"line":106,"column":74},"end":{"line":106,"column":75}},"loc":{"start":{"line":106,"column":88},"end":{"line":109,"column":5}},"line":106},"21":{"name":"(anonymous_21)","decl":{"start":{"line":109,"column":13},"end":{"line":109,"column":14}},"loc":{"start":{"line":109,"column":24},"end":{"line":112,"column":5}},"line":109}},"branchMap":{},"s":{"0":1,"1":0,"2":1,"3":0,"4":1,"5":0,"6":1,"7":0,"8":0,"9":0,"10":0,"11":0,"12":1,"13":0,"14":1,"15":0,"16":1,"17":0,"18":1,"19":0,"20":1,"21":0,"22":0,"23":0,"24":0,"25":0,"26":0,"27":0,"28":0,"29":0,"30":1,"31":0,"32":1,"33":0,"34":1,"35":0,"36":1,"37":0,"38":0,"39":0,"40":0,"41":0},"f":{"0":0,"1":0,"2":0,"3":0,"4":0,"5":0,"6":0,"7":0,"8":0,"9":0,"10":0,"11":0,"12":0,"13":0,"14":0,"15":0,"16":0,"17":0,"18":0,"19":0,"20":0,"21":0},"b":{},"_coverageSchema":"43e27e138ebf9cfc5966b082cf9a028302ed4184","hash":"17906e316daec51e9bb22ef1bb27f15e8ed374b5"}
,"/Users/mk/Desktop/Udemy/React/react-applications/burger-maker/src/store/reducers/authReducer.js": {"path":"/Users/mk/Desktop/Udemy/React/react-applications/burger-maker/src/store/reducers/authReducer.js","statementMap":{"0":{"start":{"line":3,"column":21},"end":{"line":9,"column":1}},"1":{"start":{"line":11,"column":16},"end":{"line":26,"column":1}},"2":{"start":{"line":12,"column":2},"end":{"line":25,"column":3}},"3":{"start":{"line":14,"column":6},"end":{"line":14,"column":52}},"4":{"start":{"line":16,"column":6},"end":{"line":16,"column":97}},"5":{"start":{"line":18,"column":6},"end":{"line":18,"column":61}},"6":{"start":{"line":20,"column":6},"end":{"line":20,"column":67}},"7":{"start":{"line":22,"column":6},"end":{"line":22,"column":56}},"8":{"start":{"line":24,"column":6},"end":{"line":24,"column":19}}},"fnMap":{"0":{"name":"(anonymous_0)","decl":{"start":{"line":11,"column":16},"end":{"line":11,"column":17}},"loc":{"start":{"line":11,"column":50},"end":{"line":26,"column":1}},"line":11}},"branchMap":{"0":{"loc":{"start":{"line":11,"column":17},"end":{"line":11,"column":37}},"type":"default-arg","locations":[{"start":{"line":11,"column":25},"end":{"line":11,"column":37}}],"line":11},"1":{"loc":{"start":{"line":12,"column":2},"end":{"line":25,"column":3}},"type":"switch","locations":[{"start":{"line":13,"column":4},"end":{"line":14,"column":52}},{"start":{"line":15,"column":4},"end":{"line":16,"column":97}},{"start":{"line":17,"column":4},"end":{"line":18,"column":61}},{"start":{"line":19,"column":4},"end":{"line":20,"column":67}},{"start":{"line":21,"column":4},"end":{"line":22,"column":56}},{"start":{"line":23,"column":4},"end":{"line":24,"column":19}}],"line":12}},"s":{"0":1,"1":1,"2":2,"3":1,"4":0,"5":0,"6":0,"7":0,"8":1},"f":{"0":2},"b":{"0":[1],"1":[1,0,0,0,0,1]},"_coverageSchema":"43e27e138ebf9cfc5966b082cf9a028302ed4184","hash":"21264fed700b74774ce9c13056bb2cdf52518848"}
,"/Users/mk/Desktop/Udemy/React/react-applications/burger-maker/src/store/reducers/burgerReducer.js": {"path":"/Users/mk/Desktop/Udemy/React/react-applications/burger-maker/src/store/reducers/burgerReducer.js","statementMap":{"0":{"start":{"line":5,"column":21},"end":{"line":10,"column":1}},"1":{"start":{"line":12,"column":26},"end":{"line":17,"column":1}},"2":{"start":{"line":20,"column":22},"end":{"line":29,"column":1}},"3":{"start":{"line":21,"column":21},"end":{"line":21,"column":92}},"4":{"start":{"line":22,"column":22},"end":{"line":22,"column":61}},"5":{"start":{"line":23,"column":24},"end":{"line":27,"column":4}},"6":{"start":{"line":28,"column":3},"end":{"line":28,"column":41}},"7":{"start":{"line":31,"column":16},"end":{"line":61,"column":1}},"8":{"start":{"line":33,"column":2},"end":{"line":60,"column":3}},"9":{"start":{"line":35,"column":6},"end":{"line":35,"column":42}},"10":{"start":{"line":37,"column":6},"end":{"line":45,"column":7}},"11":{"start":{"line":47,"column":6},"end":{"line":53,"column":7}},"12":{"start":{"line":55,"column":6},"end":{"line":55,"column":45}},"13":{"start":{"line":57,"column":6},"end":{"line":57,"column":26}},"14":{"start":{"line":59,"column":6},"end":{"line":59,"column":24}}},"fnMap":{"0":{"name":"(anonymous_0)","decl":{"start":{"line":20,"column":22},"end":{"line":20,"column":23}},"loc":{"start":{"line":20,"column":41},"end":{"line":29,"column":1}},"line":20},"1":{"name":"(anonymous_1)","decl":{"start":{"line":31,"column":16},"end":{"line":31,"column":17}},"loc":{"start":{"line":31,"column":50},"end":{"line":61,"column":1}},"line":31}},"branchMap":{"0":{"loc":{"start":{"line":31,"column":17},"end":{"line":31,"column":37}},"type":"default-arg","locations":[{"start":{"line":31,"column":25},"end":{"line":31,"column":37}}],"line":31},"1":{"loc":{"start":{"line":33,"column":2},"end":{"line":60,"column":3}},"type":"switch","locations":[{"start":{"line":34,"column":4},"end":{"line":35,"column":42}},{"start":{"line":36,"column":4},"end":{"line":45,"column":7}},{"start":{"line":46,"column":4},"end":{"line":53,"column":7}},{"start":{"line":54,"column":4},"end":{"line":55,"column":45}},{"start":{"line":56,"column":4},"end":{"line":57,"column":26}},{"start":{"line":58,"column":4},"end":{"line":59,"column":24}}],"line":33}},"s":{"0":0,"1":0,"2":0,"3":0,"4":0,"5":0,"6":0,"7":0,"8":0,"9":0,"10":0,"11":0,"12":0,"13":0,"14":0},"f":{"0":0,"1":0},"b":{"0":[0],"1":[0,0,0,0,0,0]},"hash":"21d0df54cafb181133a6c8986067c520aeb2c8a3"}
,"/Users/mk/Desktop/Udemy/React/react-applications/burger-maker/src/store/reducers/orderReducer.js": {"path":"/Users/mk/Desktop/Udemy/React/react-applications/burger-maker/src/store/reducers/orderReducer.js","statementMap":{"0":{"start":{"line":3,"column":21},"end":{"line":7,"column":1}},"1":{"start":{"line":9,"column":16},"end":{"line":50,"column":1}},"2":{"start":{"line":10,"column":2},"end":{"line":49,"column":3}},"3":{"start":{"line":12,"column":6},"end":{"line":14,"column":7}},"4":{"start":{"line":16,"column":6},"end":{"line":18,"column":7}},"5":{"start":{"line":20,"column":24},"end":{"line":20,"column":65}},"6":{"start":{"line":21,"column":6},"end":{"line":26,"column":8}},"7":{"start":{"line":28,"column":6},"end":{"line":31,"column":7}},"8":{"start":{"line":34,"column":6},"end":{"line":36,"column":7}},"9":{"start":{"line":38,"column":6},"end":{"line":40,"column":7}},"10":{"start":{"line":44,"column":6},"end":{"line":46,"column":7}},"11":{"start":{"line":48,"column":6},"end":{"line":48,"column":19}}},"fnMap":{"0":{"name":"(anonymous_0)","decl":{"start":{"line":9,"column":16},"end":{"line":9,"column":17}},"loc":{"start":{"line":9,"column":50},"end":{"line":50,"column":1}},"line":9}},"branchMap":{"0":{"loc":{"start":{"line":9,"column":17},"end":{"line":9,"column":37}},"type":"default-arg","locations":[{"start":{"line":9,"column":25},"end":{"line":9,"column":37}}],"line":9},"1":{"loc":{"start":{"line":10,"column":2},"end":{"line":49,"column":3}},"type":"switch","locations":[{"start":{"line":11,"column":4},"end":{"line":14,"column":7}},{"start":{"line":15,"column":4},"end":{"line":18,"column":7}},{"start":{"line":19,"column":4},"end":{"line":26,"column":8}},{"start":{"line":27,"column":4},"end":{"line":31,"column":7}},{"start":{"line":32,"column":4},"end":{"line":32,"column":39}},{"start":{"line":33,"column":4},"end":{"line":36,"column":7}},{"start":{"line":37,"column":4},"end":{"line":40,"column":7}},{"start":{"line":41,"column":4},"end":{"line":41,"column":41}},{"start":{"line":42,"column":4},"end":{"line":42,"column":42}},{"start":{"line":43,"column":4},"end":{"line":46,"column":7}},{"start":{"line":47,"column":4},"end":{"line":48,"column":19}}],"line":10}},"s":{"0":0,"1":0,"2":0,"3":0,"4":0,"5":0,"6":0,"7":0,"8":0,"9":0,"10":0,"11":0},"f":{"0":0},"b":{"0":[0],"1":[0,0,0,0,0,0,0,0,0,0,0]},"hash":"8eef20e8222c6f41184f334c657c18a811f22c8f"}
}
